---------------------------------------------------------------
[ 2019-03-18T17:39:44+08:00 ] 172.19.22.204 117.30.209.207 GET /demand/public/index.php/admin/total/project_list.html
[ info ] 47.102.118.52/demand/public/index.php/admin/total/project_list.html [运行时间：0.019155s][吞吐率：52.21req/s] [内存消耗：2,503.34kb] [文件加载：52]
[ info ] [ LANG ] /phpstudy/www/demand/think/lang/zh-cn.php
[ info ] [ ROUTE ] array (
  'type' => 'module',
  'module' => 
  array (
    0 => 'admin',
    1 => 'total',
    2 => 'project_list',
  ),
)
[ info ] [ HEADER ] array (
  'host' => '47.102.118.52',
  'connection' => 'keep-alive',
  'upgrade-insecure-requests' => '1',
  'user-agent' => 'Mozilla/5.0 (Windows NT 10.0; Win64; x64) AppleWebKit/537.36 (KHTML, like Gecko) Chrome/72.0.3626.81 Safari/537.36',
  'accept' => 'text/html,application/xhtml+xml,application/xml;q=0.9,image/webp,image/apng,*/*;q=0.8',
  'accept-encoding' => 'gzip, deflate',
  'accept-language' => 'zh-CN,zh;q=0.9',
  'content-type' => '',
  'content-length' => '',
)
[ info ] [ PARAM ] array (
)
[ info ] [ BEHAVIOR ] Run app\common\behavior\ModuleInit @module_init [ RunTime:0.000157s ]
[ info ] [ SESSION ] INIT array (
  'id' => '',
  'var_session_id' => '',
  'prefix' => 'think',
  'type' => '',
  'auto_start' => true,
  'httponly' => true,
  'secure' => false,
)
[ info ] [ LOG ] INIT File
---------------------------------------------------------------
[ 2019-03-18T17:39:44+08:00 ] 172.19.22.204 117.30.209.207 GET /demand/public/index.php/admin/login/login.html
[ info ] 47.102.118.52/demand/public/index.php/admin/login/login.html [运行时间：0.040079s][吞吐率：24.95req/s] [内存消耗：3,747.21kb] [文件加载：64]
[ info ] [ LANG ] /phpstudy/www/demand/think/lang/zh-cn.php
[ info ] [ ROUTE ] array (
  'type' => 'module',
  'module' => 
  array (
    0 => 'admin',
    1 => 'login',
    2 => 'login',
  ),
)
[ info ] [ HEADER ] array (
  'host' => '47.102.118.52',
  'connection' => 'keep-alive',
  'upgrade-insecure-requests' => '1',
  'user-agent' => 'Mozilla/5.0 (Windows NT 10.0; Win64; x64) AppleWebKit/537.36 (KHTML, like Gecko) Chrome/72.0.3626.81 Safari/537.36',
  'accept' => 'text/html,application/xhtml+xml,application/xml;q=0.9,image/webp,image/apng,*/*;q=0.8',
  'accept-encoding' => 'gzip, deflate',
  'accept-language' => 'zh-CN,zh;q=0.9',
  'cookie' => 'PHPSESSID=1mdt842rgeumh4388428o11u15',
  'content-type' => '',
  'content-length' => '',
)
[ info ] [ PARAM ] array (
)
[ info ] [ BEHAVIOR ] Run app\common\behavior\ModuleInit @module_init [ RunTime:0.000188s ]
[ info ] [ SESSION ] INIT array (
  'id' => '',
  'var_session_id' => '',
  'prefix' => 'think',
  'type' => '',
  'auto_start' => true,
  'httponly' => true,
  'secure' => false,
)
[ info ] [ DB ] INIT mysql
[ info ] [ RUN ] app\admin\controller\Login->login[ /phpstudy/www/demand/project/app/admin/controller/Login.php ]
[ info ] [ VIEW ] /phpstudy/www/demand/public/../project/app/admin/view/login/login.html [ array (
  0 => '_notice_count_',
  1 => 'mini_code',
) ]
[ info ] [ RUN ] app\common\widget\Images->img[ /phpstudy/www/demand/project/app/common/widget/Images.php ]
[ info ] [ LOG ] INIT File
[ sql ] [ DB ] CONNECT:[ UseTime:0.000960s ] mysql:dbname=demand;host=47.102.118.52;port=3306;charset=utf8
[ sql ] [ SQL ] SHOW COLUMNS FROM `dm_notice` [ RunTime:0.001174s ]
[ sql ] [ SQL ] SELECT COUNT(*) AS tp_count FROM `dm_notice` WHERE  `user_id` = null  AND `notice_read` = 1 LIMIT 1 [ RunTime:0.000575s ]
[ sql ] [ SQL ] SHOW COLUMNS FROM `dm_admin_menu` [ RunTime:0.000966s ]
[ sql ] [ SQL ] SELECT `am`.`menu_id`,`am`.`name`,`am`.`parent_id`,`am`.`default_node`,`am`.`level`,`am`.`order_by`,group_concat(amn.node_id) as node_id FROM dm_admin_menu as am LEFT JOIN `dm_admin_menu_node` `amn` ON `am`.`menu_id`=`amn`.`menu_id` WHERE  (  am.is_delete='1'  ) GROUP BY am.menu_id ORDER BY `am`.`order_by` [ RunTime:0.001151s ]
[ sql ] [ SQL ] SELECT `am`.`menu_id`,`am`.`name`,`am`.`parent_id`,`am`.`default_node`,`am`.`level`,`am`.`order_by`,group_concat(amn.node_id) as node_id FROM dm_admin_menu as am LEFT JOIN `dm_admin_menu_node` `amn` ON `am`.`menu_id`=`amn`.`menu_id` WHERE  (  am.is_delete='1'  ) GROUP BY am.menu_id ORDER BY `am`.`order_by` [ RunTime:0.001020s ]
[ sql ] [ SQL ] SHOW COLUMNS FROM `dm_admin_node` [ RunTime:0.000861s ]
[ sql ] [ SQL ] SELECT * FROM `dm_admin_node` WHERE  (  is_delete=1 ) [ RunTime:0.000659s ]
[ sql ] [ SQL ] SELECT * FROM `dm_admin_node` WHERE  (  is_delete=1 ) [ RunTime:0.000645s ]
---------------------------------------------------------------
[ 2019-03-18T17:39:45+08:00 ] 172.19.22.204 117.30.209.207 GET /demand/public/index.php/admin/login/verify.html
[ info ] 47.102.118.52/demand/public/index.php/admin/login/verify.html [运行时间：0.037899s][吞吐率：26.39req/s] [内存消耗：3,604.80kb] [文件加载：61]
[ info ] [ LANG ] /phpstudy/www/demand/think/lang/zh-cn.php
[ info ] [ ROUTE ] array (
  'type' => 'module',
  'module' => 
  array (
    0 => 'admin',
    1 => 'login',
    2 => 'verify',
  ),
)
[ info ] [ HEADER ] array (
  'host' => '47.102.118.52',
  'connection' => 'keep-alive',
  'user-agent' => 'Mozilla/5.0 (Windows NT 10.0; Win64; x64) AppleWebKit/537.36 (KHTML, like Gecko) Chrome/72.0.3626.81 Safari/537.36',
  'accept' => 'image/webp,image/apng,image/*,*/*;q=0.8',
  'referer' => 'http://47.102.118.52/demand/public/index.php/admin/login/login.html',
  'accept-encoding' => 'gzip, deflate',
  'accept-language' => 'zh-CN,zh;q=0.9',
  'cookie' => 'PHPSESSID=1mdt842rgeumh4388428o11u15',
  'content-type' => '',
  'content-length' => '',
)
[ info ] [ PARAM ] array (
)
[ info ] [ BEHAVIOR ] Run app\common\behavior\ModuleInit @module_init [ RunTime:0.000150s ]
[ info ] [ SESSION ] INIT array (
  'id' => '',
  'var_session_id' => '',
  'prefix' => 'think',
  'type' => '',
  'auto_start' => true,
  'httponly' => true,
  'secure' => false,
)
[ info ] [ DB ] INIT mysql
[ info ] [ RUN ] app\admin\controller\Login->verify[ /phpstudy/www/demand/project/app/admin/controller/Login.php ]
[ info ] [ LOG ] INIT File
[ sql ] [ DB ] CONNECT:[ UseTime:0.000912s ] mysql:dbname=demand;host=47.102.118.52;port=3306;charset=utf8
[ sql ] [ SQL ] SHOW COLUMNS FROM `dm_notice` [ RunTime:0.001093s ]
[ sql ] [ SQL ] SELECT COUNT(*) AS tp_count FROM `dm_notice` WHERE  `user_id` = null  AND `notice_read` = 1 LIMIT 1 [ RunTime:0.000590s ]
[ sql ] [ SQL ] SHOW COLUMNS FROM `dm_admin_menu` [ RunTime:0.000912s ]
[ sql ] [ SQL ] SELECT `am`.`menu_id`,`am`.`name`,`am`.`parent_id`,`am`.`default_node`,`am`.`level`,`am`.`order_by`,group_concat(amn.node_id) as node_id FROM dm_admin_menu as am LEFT JOIN `dm_admin_menu_node` `amn` ON `am`.`menu_id`=`amn`.`menu_id` WHERE  (  am.is_delete='1'  ) GROUP BY am.menu_id ORDER BY `am`.`order_by` [ RunTime:0.001113s ]
[ sql ] [ SQL ] SELECT `am`.`menu_id`,`am`.`name`,`am`.`parent_id`,`am`.`default_node`,`am`.`level`,`am`.`order_by`,group_concat(amn.node_id) as node_id FROM dm_admin_menu as am LEFT JOIN `dm_admin_menu_node` `amn` ON `am`.`menu_id`=`amn`.`menu_id` WHERE  (  am.is_delete='1'  ) GROUP BY am.menu_id ORDER BY `am`.`order_by` [ RunTime:0.001110s ]
[ sql ] [ SQL ] SHOW COLUMNS FROM `dm_admin_node` [ RunTime:0.000931s ]
[ sql ] [ SQL ] SELECT * FROM `dm_admin_node` WHERE  (  is_delete=1 ) [ RunTime:0.000675s ]
[ sql ] [ SQL ] SELECT * FROM `dm_admin_node` WHERE  (  is_delete=1 ) [ RunTime:0.000646s ]
---------------------------------------------------------------
[ 2019-03-18T17:40:35+08:00 ] 172.19.22.204 117.30.209.207 POST /demand/public/index.php/admin/login/login_submit.html
[ info ] 47.102.118.52/demand/public/index.php/admin/login/login_submit.html [运行时间：0.039307s][吞吐率：25.44req/s] [内存消耗：3,629.44kb] [文件加载：61]
[ info ] [ LANG ] /phpstudy/www/demand/think/lang/zh-cn.php
[ info ] [ ROUTE ] array (
  'type' => 'module',
  'module' => 
  array (
    0 => 'admin',
    1 => 'login',
    2 => 'login_submit',
  ),
)
[ info ] [ HEADER ] array (
  'host' => '47.102.118.52',
  'connection' => 'keep-alive',
  'content-length' => '51',
  'accept' => 'application/json, text/javascript, */*; q=0.01',
  'origin' => 'http://47.102.118.52',
  'x-requested-with' => 'XMLHttpRequest',
  'user-agent' => 'Mozilla/5.0 (Windows NT 10.0; Win64; x64) AppleWebKit/537.36 (KHTML, like Gecko) Chrome/72.0.3626.81 Safari/537.36',
  'content-type' => 'application/x-www-form-urlencoded; charset=UTF-8',
  'referer' => 'http://47.102.118.52/demand/public/index.php/admin/login/login.html',
  'accept-encoding' => 'gzip, deflate',
  'accept-language' => 'zh-CN,zh;q=0.9',
  'cookie' => 'PHPSESSID=1mdt842rgeumh4388428o11u15',
)
[ info ] [ PARAM ] array (
  'phone' => 'jszhizhu',
  'pwd' => 'admin888',
  'verify' => 'm6aw',
  'screen' => '1536',
)
[ info ] [ BEHAVIOR ] Run app\common\behavior\ModuleInit @module_init [ RunTime:0.000181s ]
[ info ] [ SESSION ] INIT array (
  'id' => '',
  'var_session_id' => '',
  'prefix' => 'think',
  'type' => '',
  'auto_start' => true,
  'httponly' => true,
  'secure' => false,
)
[ info ] [ DB ] INIT mysql
[ info ] [ RUN ] app\admin\controller\Login->login_submit[ /phpstudy/www/demand/project/app/admin/controller/Login.php ]
[ info ] [ LOG ] INIT File
[ sql ] [ DB ] CONNECT:[ UseTime:0.000929s ] mysql:dbname=demand;host=47.102.118.52;port=3306;charset=utf8
[ sql ] [ SQL ] SHOW COLUMNS FROM `dm_notice` [ RunTime:0.001109s ]
[ sql ] [ SQL ] SELECT COUNT(*) AS tp_count FROM `dm_notice` WHERE  `user_id` = null  AND `notice_read` = 1 LIMIT 1 [ RunTime:0.000602s ]
[ sql ] [ SQL ] SHOW COLUMNS FROM `dm_admin_menu` [ RunTime:0.000933s ]
[ sql ] [ SQL ] SELECT `am`.`menu_id`,`am`.`name`,`am`.`parent_id`,`am`.`default_node`,`am`.`level`,`am`.`order_by`,group_concat(amn.node_id) as node_id FROM dm_admin_menu as am LEFT JOIN `dm_admin_menu_node` `amn` ON `am`.`menu_id`=`amn`.`menu_id` WHERE  (  am.is_delete='1'  ) GROUP BY am.menu_id ORDER BY `am`.`order_by` [ RunTime:0.001154s ]
[ sql ] [ SQL ] SELECT `am`.`menu_id`,`am`.`name`,`am`.`parent_id`,`am`.`default_node`,`am`.`level`,`am`.`order_by`,group_concat(amn.node_id) as node_id FROM dm_admin_menu as am LEFT JOIN `dm_admin_menu_node` `amn` ON `am`.`menu_id`=`amn`.`menu_id` WHERE  (  am.is_delete='1'  ) GROUP BY am.menu_id ORDER BY `am`.`order_by` [ RunTime:0.001051s ]
[ sql ] [ SQL ] SHOW COLUMNS FROM `dm_admin_node` [ RunTime:0.000929s ]
[ sql ] [ SQL ] SELECT * FROM `dm_admin_node` WHERE  (  is_delete=1 ) [ RunTime:0.000673s ]
[ sql ] [ SQL ] SELECT * FROM `dm_admin_node` WHERE  (  is_delete=1 ) [ RunTime:0.000663s ]
[ sql ] [ SQL ] SHOW COLUMNS FROM `dm_admin` [ RunTime:0.001075s ]
[ sql ] [ SQL ] SELECT * FROM `dm_admin` WHERE  `phone` = 'jszhizhu' LIMIT 1 [ RunTime:0.000610s ]
---------------------------------------------------------------
[ 2019-03-18T17:40:35+08:00 ] 172.19.22.204 117.30.209.207 GET /demand/public/index.php/admin/login/verify/time/1552902034395.html
[ info ] 47.102.118.52/demand/public/index.php/admin/login/verify/time/1552902034395.html [运行时间：0.038722s][吞吐率：25.83req/s] [内存消耗：3,605.88kb] [文件加载：61]
[ info ] [ LANG ] /phpstudy/www/demand/think/lang/zh-cn.php
[ info ] [ ROUTE ] array (
  'type' => 'module',
  'module' => 
  array (
    0 => 'admin',
    1 => 'login',
    2 => 'verify',
  ),
)
[ info ] [ HEADER ] array (
  'host' => '47.102.118.52',
  'connection' => 'keep-alive',
  'user-agent' => 'Mozilla/5.0 (Windows NT 10.0; Win64; x64) AppleWebKit/537.36 (KHTML, like Gecko) Chrome/72.0.3626.81 Safari/537.36',
  'accept' => 'image/webp,image/apng,image/*,*/*;q=0.8',
  'referer' => 'http://47.102.118.52/demand/public/index.php/admin/login/login.html',
  'accept-encoding' => 'gzip, deflate',
  'accept-language' => 'zh-CN,zh;q=0.9',
  'cookie' => 'PHPSESSID=1mdt842rgeumh4388428o11u15',
  'content-type' => '',
  'content-length' => '',
)
[ info ] [ PARAM ] array (
  'time' => '1552902034395',
)
[ info ] [ BEHAVIOR ] Run app\common\behavior\ModuleInit @module_init [ RunTime:0.000158s ]
[ info ] [ SESSION ] INIT array (
  'id' => '',
  'var_session_id' => '',
  'prefix' => 'think',
  'type' => '',
  'auto_start' => true,
  'httponly' => true,
  'secure' => false,
)
[ info ] [ DB ] INIT mysql
[ info ] [ RUN ] app\admin\controller\Login->verify[ /phpstudy/www/demand/project/app/admin/controller/Login.php ]
[ info ] [ LOG ] INIT File
[ sql ] [ DB ] CONNECT:[ UseTime:0.000932s ] mysql:dbname=demand;host=47.102.118.52;port=3306;charset=utf8
[ sql ] [ SQL ] SHOW COLUMNS FROM `dm_notice` [ RunTime:0.001131s ]
[ sql ] [ SQL ] SELECT COUNT(*) AS tp_count FROM `dm_notice` WHERE  `user_id` = null  AND `notice_read` = 1 LIMIT 1 [ RunTime:0.000644s ]
[ sql ] [ SQL ] SHOW COLUMNS FROM `dm_admin_menu` [ RunTime:0.000975s ]
[ sql ] [ SQL ] SELECT `am`.`menu_id`,`am`.`name`,`am`.`parent_id`,`am`.`default_node`,`am`.`level`,`am`.`order_by`,group_concat(amn.node_id) as node_id FROM dm_admin_menu as am LEFT JOIN `dm_admin_menu_node` `amn` ON `am`.`menu_id`=`amn`.`menu_id` WHERE  (  am.is_delete='1'  ) GROUP BY am.menu_id ORDER BY `am`.`order_by` [ RunTime:0.001207s ]
[ sql ] [ SQL ] SELECT `am`.`menu_id`,`am`.`name`,`am`.`parent_id`,`am`.`default_node`,`am`.`level`,`am`.`order_by`,group_concat(amn.node_id) as node_id FROM dm_admin_menu as am LEFT JOIN `dm_admin_menu_node` `amn` ON `am`.`menu_id`=`amn`.`menu_id` WHERE  (  am.is_delete='1'  ) GROUP BY am.menu_id ORDER BY `am`.`order_by` [ RunTime:0.001097s ]
[ sql ] [ SQL ] SHOW COLUMNS FROM `dm_admin_node` [ RunTime:0.000954s ]
[ sql ] [ SQL ] SELECT * FROM `dm_admin_node` WHERE  (  is_delete=1 ) [ RunTime:0.000742s ]
[ sql ] [ SQL ] SELECT * FROM `dm_admin_node` WHERE  (  is_delete=1 ) [ RunTime:0.000743s ]
---------------------------------------------------------------
[ 2019-03-18T17:41:30+08:00 ] 172.19.22.204 117.30.209.207 POST /demand/public/index.php/admin/login/login_submit.html
[ info ] 47.102.118.52/demand/public/index.php/admin/login/login_submit.html [运行时间：0.048667s][吞吐率：20.55req/s] [内存消耗：3,738.25kb] [文件加载：65]
[ info ] [ LANG ] /phpstudy/www/demand/think/lang/zh-cn.php
[ info ] [ ROUTE ] array (
  'type' => 'module',
  'module' => 
  array (
    0 => 'admin',
    1 => 'login',
    2 => 'login_submit',
  ),
)
[ info ] [ HEADER ] array (
  'host' => '47.102.118.52',
  'connection' => 'keep-alive',
  'content-length' => '54',
  'accept' => 'application/json, text/javascript, */*; q=0.01',
  'origin' => 'http://47.102.118.52',
  'x-requested-with' => 'XMLHttpRequest',
  'user-agent' => 'Mozilla/5.0 (Windows NT 10.0; Win64; x64) AppleWebKit/537.36 (KHTML, like Gecko) Chrome/72.0.3626.81 Safari/537.36',
  'content-type' => 'application/x-www-form-urlencoded; charset=UTF-8',
  'referer' => 'http://47.102.118.52/demand/public/index.php/admin/login/login.html',
  'accept-encoding' => 'gzip, deflate',
  'accept-language' => 'zh-CN,zh;q=0.9',
  'cookie' => 'PHPSESSID=1mdt842rgeumh4388428o11u15',
)
[ info ] [ PARAM ] array (
  'phone' => '13880418125',
  'pwd' => '88888888',
  'verify' => '5ikz',
  'screen' => '1536',
)
[ info ] [ BEHAVIOR ] Run app\common\behavior\ModuleInit @module_init [ RunTime:0.000191s ]
[ info ] [ SESSION ] INIT array (
  'id' => '',
  'var_session_id' => '',
  'prefix' => 'think',
  'type' => '',
  'auto_start' => true,
  'httponly' => true,
  'secure' => false,
)
[ info ] [ DB ] INIT mysql
[ info ] [ RUN ] app\admin\controller\Login->login_submit[ /phpstudy/www/demand/project/app/admin/controller/Login.php ]
[ info ] [ CACHE ] INIT File
[ info ] [ LOG ] INIT File
[ sql ] [ DB ] CONNECT:[ UseTime:0.001035s ] mysql:dbname=demand;host=47.102.118.52;port=3306;charset=utf8
[ sql ] [ SQL ] SHOW COLUMNS FROM `dm_notice` [ RunTime:0.001118s ]
[ sql ] [ SQL ] SELECT COUNT(*) AS tp_count FROM `dm_notice` WHERE  `user_id` = null  AND `notice_read` = 1 LIMIT 1 [ RunTime:0.000682s ]
[ sql ] [ SQL ] SHOW COLUMNS FROM `dm_admin_menu` [ RunTime:0.001034s ]
[ sql ] [ SQL ] SELECT `am`.`menu_id`,`am`.`name`,`am`.`parent_id`,`am`.`default_node`,`am`.`level`,`am`.`order_by`,group_concat(amn.node_id) as node_id FROM dm_admin_menu as am LEFT JOIN `dm_admin_menu_node` `amn` ON `am`.`menu_id`=`amn`.`menu_id` WHERE  (  am.is_delete='1'  ) GROUP BY am.menu_id ORDER BY `am`.`order_by` [ RunTime:0.001244s ]
[ sql ] [ SQL ] SELECT `am`.`menu_id`,`am`.`name`,`am`.`parent_id`,`am`.`default_node`,`am`.`level`,`am`.`order_by`,group_concat(amn.node_id) as node_id FROM dm_admin_menu as am LEFT JOIN `dm_admin_menu_node` `amn` ON `am`.`menu_id`=`amn`.`menu_id` WHERE  (  am.is_delete='1'  ) GROUP BY am.menu_id ORDER BY `am`.`order_by` [ RunTime:0.001165s ]
[ sql ] [ SQL ] SHOW COLUMNS FROM `dm_admin_node` [ RunTime:0.000982s ]
[ sql ] [ SQL ] SELECT * FROM `dm_admin_node` WHERE  (  is_delete=1 ) [ RunTime:0.000782s ]
[ sql ] [ SQL ] SELECT * FROM `dm_admin_node` WHERE  (  is_delete=1 ) [ RunTime:0.000713s ]
[ sql ] [ SQL ] SHOW COLUMNS FROM `dm_admin` [ RunTime:0.001161s ]
[ sql ] [ SQL ] SELECT * FROM `dm_admin` WHERE  `phone` = '13880418125' LIMIT 1 [ RunTime:0.000715s ]
[ sql ] [ SQL ] UPDATE `dm_admin`  SET `login_time`='2019-03-18 17:41:30',`login_ip`='117.30.209.207'  WHERE  `admin_id` = 1 [ RunTime:0.006087s ]
---------------------------------------------------------------
[ 2019-03-18T17:41:30+08:00 ] 172.19.22.204 117.30.209.207 GET /demand/public/index.php/admin/admin/admin_info.html
[ info ] 47.102.118.52/demand/public/index.php/admin/admin/admin_info.html [运行时间：0.048626s][吞吐率：20.57req/s] [内存消耗：4,113.88kb] [文件加载：70]
[ info ] [ LANG ] /phpstudy/www/demand/think/lang/zh-cn.php
[ info ] [ ROUTE ] array (
  'type' => 'module',
  'module' => 
  array (
    0 => 'admin',
    1 => 'admin',
    2 => 'admin_info',
  ),
)
[ info ] [ HEADER ] array (
  'host' => '47.102.118.52',
  'connection' => 'keep-alive',
  'upgrade-insecure-requests' => '1',
  'user-agent' => 'Mozilla/5.0 (Windows NT 10.0; Win64; x64) AppleWebKit/537.36 (KHTML, like Gecko) Chrome/72.0.3626.81 Safari/537.36',
  'accept' => 'text/html,application/xhtml+xml,application/xml;q=0.9,image/webp,image/apng,*/*;q=0.8',
  'referer' => 'http://47.102.118.52/demand/public/index.php/admin/login/login.html',
  'accept-encoding' => 'gzip, deflate',
  'accept-language' => 'zh-CN,zh;q=0.9',
  'cookie' => 'PHPSESSID=1mdt842rgeumh4388428o11u15',
  'content-type' => '',
  'content-length' => '',
)
[ info ] [ PARAM ] array (
)
[ info ] [ BEHAVIOR ] Run app\common\behavior\ModuleInit @module_init [ RunTime:0.000143s ]
[ info ] [ SESSION ] INIT array (
  'id' => '',
  'var_session_id' => '',
  'prefix' => 'think',
  'type' => '',
  'auto_start' => true,
  'httponly' => true,
  'secure' => false,
)
[ info ] [ DB ] INIT mysql
[ info ] [ RUN ] app\admin\controller\Admin->admin_info[ /phpstudy/www/demand/project/app/admin/controller/Admin.php ]
[ info ] [ VIEW ] /phpstudy/www/demand/public/../project/app/admin/view/admin/admin_info.html [ array (
  0 => '_notice_count_',
  1 => 'admin_info',
  2 => 'mini_code',
  3 => 'show_reset',
  4 => 'qr_error',
) ]
[ info ] [ RUN ] app\common\widget\Input->input[ /phpstudy/www/demand/project/app/common/widget/Input.php ]
[ info ] [ RUN ] app\common\widget\Images->img[ /phpstudy/www/demand/project/app/common/widget/Images.php ]
[ info ] [ LOG ] INIT File
[ sql ] [ DB ] CONNECT:[ UseTime:0.000927s ] mysql:dbname=demand;host=47.102.118.52;port=3306;charset=utf8
[ sql ] [ SQL ] SHOW COLUMNS FROM `dm_notice` [ RunTime:0.001103s ]
[ sql ] [ SQL ] SELECT COUNT(*) AS tp_count FROM `dm_notice` WHERE  `user_id` = 34  AND `notice_read` = 1 LIMIT 1 [ RunTime:0.000729s ]
[ sql ] [ SQL ] SHOW COLUMNS FROM `dm_admin_menu` [ RunTime:0.000950s ]
[ sql ] [ SQL ] SELECT `am`.`menu_id`,`am`.`name`,`am`.`parent_id`,`am`.`default_node`,`am`.`level`,`am`.`order_by`,group_concat(amn.node_id) as node_id FROM dm_admin_menu as am LEFT JOIN `dm_admin_menu_node` `amn` ON `am`.`menu_id`=`amn`.`menu_id` WHERE  (  am.is_delete='1'  ) GROUP BY am.menu_id ORDER BY `am`.`order_by` [ RunTime:0.001173s ]
[ sql ] [ SQL ] SELECT `am`.`menu_id`,`am`.`name`,`am`.`parent_id`,`am`.`default_node`,`am`.`level`,`am`.`order_by`,group_concat(amn.node_id) as node_id FROM dm_admin_menu as am LEFT JOIN `dm_admin_menu_node` `amn` ON `am`.`menu_id`=`amn`.`menu_id` WHERE  (  am.is_delete='1'  ) GROUP BY am.menu_id ORDER BY `am`.`order_by` [ RunTime:0.001059s ]
[ sql ] [ SQL ] SHOW COLUMNS FROM `dm_admin_node` [ RunTime:0.000901s ]
[ sql ] [ SQL ] SELECT * FROM `dm_admin_node` WHERE  (  is_delete=1 ) [ RunTime:0.000682s ]
[ sql ] [ SQL ] SELECT * FROM `dm_admin_node` WHERE  (  is_delete=1 ) [ RunTime:0.000677s ]
[ sql ] [ SQL ] SHOW COLUMNS FROM `dm_admin` [ RunTime:0.001117s ]
[ sql ] [ SQL ] SELECT * FROM `dm_admin` WHERE  `admin_id` = 1 LIMIT 1 [ RunTime:0.000653s ]
[ sql ] [ SQL ] SHOW COLUMNS FROM `dm_admin_role` [ RunTime:0.000943s ]
[ sql ] [ SQL ] SELECT * FROM `dm_admin_role` WHERE  `admin_role_id` = 1 LIMIT 1 [ RunTime:0.000583s ]
---------------------------------------------------------------
[ 2019-03-18T17:41:33+08:00 ] 172.19.22.204 117.30.209.207 GET /demand/public/index.php/admin/project/project_list.html
[ info ] 47.102.118.52/demand/public/index.php/admin/project/project_list.html [运行时间：0.053948s][吞吐率：18.54req/s] [内存消耗：4,122.09kb] [文件加载：84]
[ info ] [ LANG ] /phpstudy/www/demand/think/lang/zh-cn.php
[ info ] [ ROUTE ] array (
  'type' => 'module',
  'module' => 
  array (
    0 => 'admin',
    1 => 'project',
    2 => 'project_list',
  ),
)
[ info ] [ HEADER ] array (
  'host' => '47.102.118.52',
  'connection' => 'keep-alive',
  'upgrade-insecure-requests' => '1',
  'user-agent' => 'Mozilla/5.0 (Windows NT 10.0; Win64; x64) AppleWebKit/537.36 (KHTML, like Gecko) Chrome/72.0.3626.81 Safari/537.36',
  'accept' => 'text/html,application/xhtml+xml,application/xml;q=0.9,image/webp,image/apng,*/*;q=0.8',
  'referer' => 'http://47.102.118.52/demand/public/index.php/admin/admin/admin_info.html',
  'accept-encoding' => 'gzip, deflate',
  'accept-language' => 'zh-CN,zh;q=0.9',
  'cookie' => 'PHPSESSID=1mdt842rgeumh4388428o11u15',
  'content-type' => '',
  'content-length' => '',
)
[ info ] [ PARAM ] array (
)
[ info ] [ BEHAVIOR ] Run app\common\behavior\ModuleInit @module_init [ RunTime:0.000148s ]
[ info ] [ SESSION ] INIT array (
  'id' => '',
  'var_session_id' => '',
  'prefix' => 'think',
  'type' => '',
  'auto_start' => true,
  'httponly' => true,
  'secure' => false,
)
[ info ] [ DB ] INIT mysql
[ info ] [ RUN ] app\admin\controller\Project->project_list[ /phpstudy/www/demand/project/app/admin/controller/Project.php ]
[ info ] [ VIEW ] /phpstudy/www/demand/public/../project/app/admin/view/project/project_list.html [ array (
  0 => '_notice_count_',
  1 => 'project_list',
  2 => 'project_id',
  3 => 'project_name',
  4 => 'user_name',
) ]
[ info ] [ RUN ] app\common\widget\Images->img[ /phpstudy/www/demand/project/app/common/widget/Images.php ]
[ info ] [ RUN ] app\common\widget\Color->color[ /phpstudy/www/demand/project/app/common/widget/Color.php ]
[ info ] [ RUN ] app\common\widget\Images->img[ /phpstudy/www/demand/project/app/common/widget/Images.php ]
[ info ] [ RUN ] app\common\widget\Color->color[ /phpstudy/www/demand/project/app/common/widget/Color.php ]
[ info ] [ RUN ] app\common\widget\Images->img[ /phpstudy/www/demand/project/app/common/widget/Images.php ]
[ info ] [ RUN ] app\common\widget\Color->color[ /phpstudy/www/demand/project/app/common/widget/Color.php ]
[ info ] [ RUN ] app\common\widget\Images->img[ /phpstudy/www/demand/project/app/common/widget/Images.php ]
[ info ] [ RUN ] app\common\widget\Color->color[ /phpstudy/www/demand/project/app/common/widget/Color.php ]
[ info ] [ RUN ] app\common\widget\Images->img[ /phpstudy/www/demand/project/app/common/widget/Images.php ]
[ info ] [ RUN ] app\common\widget\Color->color[ /phpstudy/www/demand/project/app/common/widget/Color.php ]
[ info ] [ RUN ] app\common\widget\Images->img[ /phpstudy/www/demand/project/app/common/widget/Images.php ]
[ info ] [ RUN ] app\common\widget\Color->color[ /phpstudy/www/demand/project/app/common/widget/Color.php ]
[ info ] [ RUN ] app\common\widget\Images->img[ /phpstudy/www/demand/project/app/common/widget/Images.php ]
[ info ] [ RUN ] app\common\widget\Color->color[ /phpstudy/www/demand/project/app/common/widget/Color.php ]
[ info ] [ RUN ] app\common\widget\Images->img[ /phpstudy/www/demand/project/app/common/widget/Images.php ]
[ info ] [ RUN ] app\common\widget\Color->color[ /phpstudy/www/demand/project/app/common/widget/Color.php ]
[ info ] [ RUN ] app\common\widget\Images->img[ /phpstudy/www/demand/project/app/common/widget/Images.php ]
[ info ] [ RUN ] app\common\widget\Color->color[ /phpstudy/www/demand/project/app/common/widget/Color.php ]
[ info ] [ RUN ] app\common\widget\Images->img[ /phpstudy/www/demand/project/app/common/widget/Images.php ]
[ info ] [ RUN ] app\common\widget\Color->color[ /phpstudy/www/demand/project/app/common/widget/Color.php ]
[ info ] [ RUN ] app\common\widget\Images->img[ /phpstudy/www/demand/project/app/common/widget/Images.php ]
[ info ] [ RUN ] app\common\widget\Color->color[ /phpstudy/www/demand/project/app/common/widget/Color.php ]
[ info ] [ RUN ] app\common\widget\Images->img[ /phpstudy/www/demand/project/app/common/widget/Images.php ]
[ info ] [ RUN ] app\common\widget\Color->color[ /phpstudy/www/demand/project/app/common/widget/Color.php ]
[ info ] [ RUN ] app\common\widget\Images->img[ /phpstudy/www/demand/project/app/common/widget/Images.php ]
[ info ] [ RUN ] app\common\widget\Color->color[ /phpstudy/www/demand/project/app/common/widget/Color.php ]
[ info ] [ RUN ] app\common\widget\Images->img[ /phpstudy/www/demand/project/app/common/widget/Images.php ]
[ info ] [ RUN ] app\common\widget\Color->color[ /phpstudy/www/demand/project/app/common/widget/Color.php ]
[ info ] [ RUN ] app\common\widget\Images->img[ /phpstudy/www/demand/project/app/common/widget/Images.php ]
[ info ] [ RUN ] app\common\widget\Color->color[ /phpstudy/www/demand/project/app/common/widget/Color.php ]
[ info ] [ RUN ] app\common\widget\Images->img[ /phpstudy/www/demand/project/app/common/widget/Images.php ]
[ info ] [ RUN ] app\common\widget\Color->color[ /phpstudy/www/demand/project/app/common/widget/Color.php ]
[ info ] [ RUN ] app\common\widget\Images->img[ /phpstudy/www/demand/project/app/common/widget/Images.php ]
[ info ] [ RUN ] app\common\widget\Color->color[ /phpstudy/www/demand/project/app/common/widget/Color.php ]
[ info ] [ RUN ] app\common\widget\Images->img[ /phpstudy/www/demand/project/app/common/widget/Images.php ]
[ info ] [ RUN ] app\common\widget\Color->color[ /phpstudy/www/demand/project/app/common/widget/Color.php ]
[ info ] [ RUN ] app\common\widget\Images->img[ /phpstudy/www/demand/project/app/common/widget/Images.php ]
[ info ] [ RUN ] app\common\widget\Color->color[ /phpstudy/www/demand/project/app/common/widget/Color.php ]
[ info ] [ RUN ] app\common\widget\Images->img[ /phpstudy/www/demand/project/app/common/widget/Images.php ]
[ info ] [ RUN ] app\common\widget\Color->color[ /phpstudy/www/demand/project/app/common/widget/Color.php ]
[ info ] [ LOG ] INIT File
[ sql ] [ DB ] CONNECT:[ UseTime:0.000905s ] mysql:dbname=demand;host=47.102.118.52;port=3306;charset=utf8
[ sql ] [ SQL ] SHOW COLUMNS FROM `dm_notice` [ RunTime:0.001140s ]
[ sql ] [ SQL ] SELECT COUNT(*) AS tp_count FROM `dm_notice` WHERE  `user_id` = 34  AND `notice_read` = 1 LIMIT 1 [ RunTime:0.000745s ]
[ sql ] [ SQL ] SHOW COLUMNS FROM `dm_admin_menu` [ RunTime:0.000984s ]
[ sql ] [ SQL ] SELECT `am`.`menu_id`,`am`.`name`,`am`.`parent_id`,`am`.`default_node`,`am`.`level`,`am`.`order_by`,group_concat(amn.node_id) as node_id FROM dm_admin_menu as am LEFT JOIN `dm_admin_menu_node` `amn` ON `am`.`menu_id`=`amn`.`menu_id` WHERE  (  am.is_delete='1'  ) GROUP BY am.menu_id ORDER BY `am`.`order_by` [ RunTime:0.001158s ]
[ sql ] [ SQL ] SELECT `am`.`menu_id`,`am`.`name`,`am`.`parent_id`,`am`.`default_node`,`am`.`level`,`am`.`order_by`,group_concat(amn.node_id) as node_id FROM dm_admin_menu as am LEFT JOIN `dm_admin_menu_node` `amn` ON `am`.`menu_id`=`amn`.`menu_id` WHERE  (  am.is_delete='1'  ) GROUP BY am.menu_id ORDER BY `am`.`order_by` [ RunTime:0.001094s ]
[ sql ] [ SQL ] SHOW COLUMNS FROM `dm_admin_node` [ RunTime:0.000958s ]
[ sql ] [ SQL ] SELECT * FROM `dm_admin_node` WHERE  (  is_delete=1 ) [ RunTime:0.000709s ]
[ sql ] [ SQL ] SELECT * FROM `dm_admin_node` WHERE  (  is_delete=1 ) [ RunTime:0.000703s ]
[ sql ] [ SQL ] SHOW COLUMNS FROM `dm_project` [ RunTime:0.001033s ]
[ sql ] [ SQL ] SELECT COUNT(*) AS tp_count FROM dm_project as pt LEFT JOIN `dm_user` `ur` ON `pt`.`charge_user_id`=`ur`.`user_id` LEFT JOIN (select project_id,sum(if(demand_status in(1,2,3,4,5,6),1,0)) total,sum(if(demand_status=1,1,0)) pending,sum(if(demand_status=2,1,0)) confirm, sum(if(demand_status=3,1,0)) development,sum(if(demand_status=4,1,0)) refuse, sum(if(demand_status=5,1,0)) test,sum(if(demand_status=6,1,0)) finish from dm_demand dd group by project_id ) dd ON `dd`.`project_id`=`pt`.`project_id` LIMIT 1 [ RunTime:0.000879s ]
[ sql ] [ SQL ] SELECT `dd`.*,`pt`.*,if(ur.real_name is null,`ur`.`nickname`,ur.real_name) as real_name,`ur`.`phone` FROM dm_project as pt LEFT JOIN `dm_user` `ur` ON `pt`.`charge_user_id`=`ur`.`user_id` LEFT JOIN (select project_id,sum(if(demand_status in(1,2,3,4,5,6),1,0)) total,sum(if(demand_status=1,1,0)) pending,sum(if(demand_status=2,1,0)) confirm, sum(if(demand_status=3,1,0)) development,sum(if(demand_status=4,1,0)) refuse, sum(if(demand_status=5,1,0)) test,sum(if(demand_status=6,1,0)) finish from dm_demand dd group by project_id ) dd ON `dd`.`project_id`=`pt`.`project_id` ORDER BY pt.sort_level desc,pt.project_name desc LIMIT 0,20 [ RunTime:0.001452s ]
[ sql ] [ SQL ] SHOW COLUMNS FROM `dm_admin_role` [ RunTime:0.000981s ]
[ sql ] [ SQL ] SELECT * FROM `dm_admin_role` WHERE  `admin_role_id` = 1 LIMIT 1 [ RunTime:0.000591s ]
---------------------------------------------------------------
[ 2019-03-18T17:41:34+08:00 ] 172.19.22.204 117.30.209.207 GET /demand/public/index.php/admin/user/user_list.html
[ info ] 47.102.118.52/demand/public/index.php/admin/user/user_list.html [运行时间：0.048948s][吞吐率：20.43req/s] [内存消耗：4,196.51kb] [文件加载：85]
[ info ] [ LANG ] /phpstudy/www/demand/think/lang/zh-cn.php
[ info ] [ ROUTE ] array (
  'type' => 'module',
  'module' => 
  array (
    0 => 'admin',
    1 => 'user',
    2 => 'user_list',
  ),
)
[ info ] [ HEADER ] array (
  'host' => '47.102.118.52',
  'connection' => 'keep-alive',
  'upgrade-insecure-requests' => '1',
  'user-agent' => 'Mozilla/5.0 (Windows NT 10.0; Win64; x64) AppleWebKit/537.36 (KHTML, like Gecko) Chrome/72.0.3626.81 Safari/537.36',
  'accept' => 'text/html,application/xhtml+xml,application/xml;q=0.9,image/webp,image/apng,*/*;q=0.8',
  'referer' => 'http://47.102.118.52/demand/public/index.php/admin/project/project_list.html',
  'accept-encoding' => 'gzip, deflate',
  'accept-language' => 'zh-CN,zh;q=0.9',
  'cookie' => 'PHPSESSID=1mdt842rgeumh4388428o11u15',
  'content-type' => '',
  'content-length' => '',
)
[ info ] [ PARAM ] array (
)
[ info ] [ BEHAVIOR ] Run app\common\behavior\ModuleInit @module_init [ RunTime:0.000139s ]
[ info ] [ SESSION ] INIT array (
  'id' => '',
  'var_session_id' => '',
  'prefix' => 'think',
  'type' => '',
  'auto_start' => true,
  'httponly' => true,
  'secure' => false,
)
[ info ] [ DB ] INIT mysql
[ info ] [ RUN ] app\admin\controller\User->user_list[ /phpstudy/www/demand/project/app/admin/controller/User.php ]
[ info ] [ VIEW ] /phpstudy/www/demand/public/../project/app/admin/view/user/user_list.html [ array (
  0 => '_notice_count_',
  1 => 'user_list',
  2 => 'user_id',
  3 => 'nickname',
  4 => 'real_name',
  5 => 'phone',
  6 => 'is_enable',
  7 => 'admin_id',
  8 => 'admin_real_name',
  9 => 'admin_phone',
) ]
[ info ] [ RUN ] app\common\widget\Select->select[ /phpstudy/www/demand/project/app/common/widget/Select.php ]
[ info ] [ RUN ] app\common\widget\Images->img[ /phpstudy/www/demand/project/app/common/widget/Images.php ]
[ info ] [ RUN ] app\common\widget\Color->color[ /phpstudy/www/demand/project/app/common/widget/Color.php ]
[ info ] [ RUN ] app\common\widget\Images->img[ /phpstudy/www/demand/project/app/common/widget/Images.php ]
[ info ] [ RUN ] app\common\widget\Color->color[ /phpstudy/www/demand/project/app/common/widget/Color.php ]
[ info ] [ RUN ] app\common\widget\Images->img[ /phpstudy/www/demand/project/app/common/widget/Images.php ]
[ info ] [ RUN ] app\common\widget\Color->color[ /phpstudy/www/demand/project/app/common/widget/Color.php ]
[ info ] [ RUN ] app\common\widget\Images->img[ /phpstudy/www/demand/project/app/common/widget/Images.php ]
[ info ] [ RUN ] app\common\widget\Color->color[ /phpstudy/www/demand/project/app/common/widget/Color.php ]
[ info ] [ RUN ] app\common\widget\Images->img[ /phpstudy/www/demand/project/app/common/widget/Images.php ]
[ info ] [ RUN ] app\common\widget\Color->color[ /phpstudy/www/demand/project/app/common/widget/Color.php ]
[ info ] [ RUN ] app\common\widget\Images->img[ /phpstudy/www/demand/project/app/common/widget/Images.php ]
[ info ] [ RUN ] app\common\widget\Color->color[ /phpstudy/www/demand/project/app/common/widget/Color.php ]
[ info ] [ RUN ] app\common\widget\Images->img[ /phpstudy/www/demand/project/app/common/widget/Images.php ]
[ info ] [ RUN ] app\common\widget\Color->color[ /phpstudy/www/demand/project/app/common/widget/Color.php ]
[ info ] [ RUN ] app\common\widget\Images->img[ /phpstudy/www/demand/project/app/common/widget/Images.php ]
[ info ] [ RUN ] app\common\widget\Color->color[ /phpstudy/www/demand/project/app/common/widget/Color.php ]
[ info ] [ RUN ] app\common\widget\Images->img[ /phpstudy/www/demand/project/app/common/widget/Images.php ]
[ info ] [ RUN ] app\common\widget\Color->color[ /phpstudy/www/demand/project/app/common/widget/Color.php ]
[ info ] [ RUN ] app\common\widget\Images->img[ /phpstudy/www/demand/project/app/common/widget/Images.php ]
[ info ] [ RUN ] app\common\widget\Color->color[ /phpstudy/www/demand/project/app/common/widget/Color.php ]
[ info ] [ RUN ] app\common\widget\Images->img[ /phpstudy/www/demand/project/app/common/widget/Images.php ]
[ info ] [ RUN ] app\common\widget\Color->color[ /phpstudy/www/demand/project/app/common/widget/Color.php ]
[ info ] [ RUN ] app\common\widget\Images->img[ /phpstudy/www/demand/project/app/common/widget/Images.php ]
[ info ] [ RUN ] app\common\widget\Color->color[ /phpstudy/www/demand/project/app/common/widget/Color.php ]
[ info ] [ LOG ] INIT File
[ sql ] [ DB ] CONNECT:[ UseTime:0.000905s ] mysql:dbname=demand;host=47.102.118.52;port=3306;charset=utf8
[ sql ] [ SQL ] SHOW COLUMNS FROM `dm_notice` [ RunTime:0.001098s ]
[ sql ] [ SQL ] SELECT COUNT(*) AS tp_count FROM `dm_notice` WHERE  `user_id` = 34  AND `notice_read` = 1 LIMIT 1 [ RunTime:0.000704s ]
[ sql ] [ SQL ] SHOW COLUMNS FROM `dm_admin_menu` [ RunTime:0.000898s ]
[ sql ] [ SQL ] SELECT `am`.`menu_id`,`am`.`name`,`am`.`parent_id`,`am`.`default_node`,`am`.`level`,`am`.`order_by`,group_concat(amn.node_id) as node_id FROM dm_admin_menu as am LEFT JOIN `dm_admin_menu_node` `amn` ON `am`.`menu_id`=`amn`.`menu_id` WHERE  (  am.is_delete='1'  ) GROUP BY am.menu_id ORDER BY `am`.`order_by` [ RunTime:0.001100s ]
[ sql ] [ SQL ] SELECT `am`.`menu_id`,`am`.`name`,`am`.`parent_id`,`am`.`default_node`,`am`.`level`,`am`.`order_by`,group_concat(amn.node_id) as node_id FROM dm_admin_menu as am LEFT JOIN `dm_admin_menu_node` `amn` ON `am`.`menu_id`=`amn`.`menu_id` WHERE  (  am.is_delete='1'  ) GROUP BY am.menu_id ORDER BY `am`.`order_by` [ RunTime:0.001041s ]
[ sql ] [ SQL ] SHOW COLUMNS FROM `dm_admin_node` [ RunTime:0.000872s ]
[ sql ] [ SQL ] SELECT * FROM `dm_admin_node` WHERE  (  is_delete=1 ) [ RunTime:0.000654s ]
[ sql ] [ SQL ] SELECT * FROM `dm_admin_node` WHERE  (  is_delete=1 ) [ RunTime:0.000637s ]
[ sql ] [ SQL ] SHOW COLUMNS FROM `dm_user` [ RunTime:0.000929s ]
[ sql ] [ SQL ] SELECT COUNT(*) AS tp_count FROM dm_user as ur LEFT JOIN `dm_admin` `an` ON `ur`.`user_id`=`an`.`user_id` LIMIT 1 [ RunTime:0.000535s ]
[ sql ] [ SQL ] SELECT `ur`.*,`an`.`admin_id`,an.real_name as admin_real_name,an.phone as admin_phone FROM dm_user as ur LEFT JOIN `dm_admin` `an` ON `ur`.`user_id`=`an`.`user_id` ORDER BY ur.user_id desc LIMIT 0,20 [ RunTime:0.000691s ]
[ sql ] [ SQL ] SHOW COLUMNS FROM `dm_admin_role` [ RunTime:0.000927s ]
[ sql ] [ SQL ] SELECT * FROM `dm_admin_role` WHERE  `admin_role_id` = 1 LIMIT 1 [ RunTime:0.000555s ]
---------------------------------------------------------------
[ 2019-03-18T17:41:36+08:00 ] 172.19.22.204 117.30.209.207 GET /demand/public/index.php/admin/total/project_list.html
[ info ] 47.102.118.52/demand/public/index.php/admin/total/project_list.html [运行时间：0.050743s][吞吐率：19.71req/s] [内存消耗：4,217.79kb] [文件加载：85]
[ info ] [ LANG ] /phpstudy/www/demand/think/lang/zh-cn.php
[ info ] [ ROUTE ] array (
  'type' => 'module',
  'module' => 
  array (
    0 => 'admin',
    1 => 'total',
    2 => 'project_list',
  ),
)
[ info ] [ HEADER ] array (
  'host' => '47.102.118.52',
  'connection' => 'keep-alive',
  'upgrade-insecure-requests' => '1',
  'user-agent' => 'Mozilla/5.0 (Windows NT 10.0; Win64; x64) AppleWebKit/537.36 (KHTML, like Gecko) Chrome/72.0.3626.81 Safari/537.36',
  'accept' => 'text/html,application/xhtml+xml,application/xml;q=0.9,image/webp,image/apng,*/*;q=0.8',
  'referer' => 'http://47.102.118.52/demand/public/index.php/admin/user/user_list.html',
  'accept-encoding' => 'gzip, deflate',
  'accept-language' => 'zh-CN,zh;q=0.9',
  'cookie' => 'PHPSESSID=1mdt842rgeumh4388428o11u15',
  'content-type' => '',
  'content-length' => '',
)
[ info ] [ PARAM ] array (
)
[ info ] [ BEHAVIOR ] Run app\common\behavior\ModuleInit @module_init [ RunTime:0.000142s ]
[ info ] [ SESSION ] INIT array (
  'id' => '',
  'var_session_id' => '',
  'prefix' => 'think',
  'type' => '',
  'auto_start' => true,
  'httponly' => true,
  'secure' => false,
)
[ info ] [ DB ] INIT mysql
[ info ] [ RUN ] app\admin\controller\Total->project_list[ /phpstudy/www/demand/project/app/admin/controller/Total.php ]
[ info ] [ VIEW ] /phpstudy/www/demand/public/../project/app/admin/view/total/project_list.html [ array (
  0 => '_notice_count_',
  1 => 'project_list',
  2 => 'project_id',
  3 => 'project_name',
  4 => 'user_name',
  5 => 'propose_time_start',
  6 => 'propose_time_end',
) ]
[ info ] [ RUN ] app\common\widget\DateTime->date[ /phpstudy/www/demand/project/app/common/widget/DateTime.php ]
[ info ] [ RUN ] app\common\widget\DateTime->date[ /phpstudy/www/demand/project/app/common/widget/DateTime.php ]
[ info ] [ RUN ] app\common\widget\Images->img[ /phpstudy/www/demand/project/app/common/widget/Images.php ]
[ info ] [ RUN ] app\common\widget\Color->color[ /phpstudy/www/demand/project/app/common/widget/Color.php ]
[ info ] [ RUN ] app\common\widget\Images->img[ /phpstudy/www/demand/project/app/common/widget/Images.php ]
[ info ] [ RUN ] app\common\widget\Color->color[ /phpstudy/www/demand/project/app/common/widget/Color.php ]
[ info ] [ RUN ] app\common\widget\Images->img[ /phpstudy/www/demand/project/app/common/widget/Images.php ]
[ info ] [ RUN ] app\common\widget\Color->color[ /phpstudy/www/demand/project/app/common/widget/Color.php ]
[ info ] [ RUN ] app\common\widget\Images->img[ /phpstudy/www/demand/project/app/common/widget/Images.php ]
[ info ] [ RUN ] app\common\widget\Color->color[ /phpstudy/www/demand/project/app/common/widget/Color.php ]
[ info ] [ RUN ] app\common\widget\Images->img[ /phpstudy/www/demand/project/app/common/widget/Images.php ]
[ info ] [ RUN ] app\common\widget\Color->color[ /phpstudy/www/demand/project/app/common/widget/Color.php ]
[ info ] [ RUN ] app\common\widget\Images->img[ /phpstudy/www/demand/project/app/common/widget/Images.php ]
[ info ] [ RUN ] app\common\widget\Color->color[ /phpstudy/www/demand/project/app/common/widget/Color.php ]
[ info ] [ RUN ] app\common\widget\Images->img[ /phpstudy/www/demand/project/app/common/widget/Images.php ]
[ info ] [ RUN ] app\common\widget\Color->color[ /phpstudy/www/demand/project/app/common/widget/Color.php ]
[ info ] [ RUN ] app\common\widget\Images->img[ /phpstudy/www/demand/project/app/common/widget/Images.php ]
[ info ] [ RUN ] app\common\widget\Color->color[ /phpstudy/www/demand/project/app/common/widget/Color.php ]
[ info ] [ RUN ] app\common\widget\Images->img[ /phpstudy/www/demand/project/app/common/widget/Images.php ]
[ info ] [ RUN ] app\common\widget\Color->color[ /phpstudy/www/demand/project/app/common/widget/Color.php ]
[ info ] [ RUN ] app\common\widget\Images->img[ /phpstudy/www/demand/project/app/common/widget/Images.php ]
[ info ] [ RUN ] app\common\widget\Color->color[ /phpstudy/www/demand/project/app/common/widget/Color.php ]
[ info ] [ RUN ] app\common\widget\Images->img[ /phpstudy/www/demand/project/app/common/widget/Images.php ]
[ info ] [ RUN ] app\common\widget\Color->color[ /phpstudy/www/demand/project/app/common/widget/Color.php ]
[ info ] [ RUN ] app\common\widget\Images->img[ /phpstudy/www/demand/project/app/common/widget/Images.php ]
[ info ] [ RUN ] app\common\widget\Color->color[ /phpstudy/www/demand/project/app/common/widget/Color.php ]
[ info ] [ RUN ] app\common\widget\Images->img[ /phpstudy/www/demand/project/app/common/widget/Images.php ]
[ info ] [ RUN ] app\common\widget\Color->color[ /phpstudy/www/demand/project/app/common/widget/Color.php ]
[ info ] [ RUN ] app\common\widget\Images->img[ /phpstudy/www/demand/project/app/common/widget/Images.php ]
[ info ] [ RUN ] app\common\widget\Color->color[ /phpstudy/www/demand/project/app/common/widget/Color.php ]
[ info ] [ RUN ] app\common\widget\Images->img[ /phpstudy/www/demand/project/app/common/widget/Images.php ]
[ info ] [ RUN ] app\common\widget\Color->color[ /phpstudy/www/demand/project/app/common/widget/Color.php ]
[ info ] [ RUN ] app\common\widget\Images->img[ /phpstudy/www/demand/project/app/common/widget/Images.php ]
[ info ] [ RUN ] app\common\widget\Color->color[ /phpstudy/www/demand/project/app/common/widget/Color.php ]
[ info ] [ RUN ] app\common\widget\Images->img[ /phpstudy/www/demand/project/app/common/widget/Images.php ]
[ info ] [ RUN ] app\common\widget\Color->color[ /phpstudy/www/demand/project/app/common/widget/Color.php ]
[ info ] [ RUN ] app\common\widget\Images->img[ /phpstudy/www/demand/project/app/common/widget/Images.php ]
[ info ] [ RUN ] app\common\widget\Color->color[ /phpstudy/www/demand/project/app/common/widget/Color.php ]
[ info ] [ RUN ] app\common\widget\Images->img[ /phpstudy/www/demand/project/app/common/widget/Images.php ]
[ info ] [ RUN ] app\common\widget\Color->color[ /phpstudy/www/demand/project/app/common/widget/Color.php ]
[ info ] [ RUN ] app\common\widget\Images->img[ /phpstudy/www/demand/project/app/common/widget/Images.php ]
[ info ] [ RUN ] app\common\widget\Color->color[ /phpstudy/www/demand/project/app/common/widget/Color.php ]
[ info ] [ LOG ] INIT File
[ sql ] [ DB ] CONNECT:[ UseTime:0.000936s ] mysql:dbname=demand;host=47.102.118.52;port=3306;charset=utf8
[ sql ] [ SQL ] SHOW COLUMNS FROM `dm_notice` [ RunTime:0.001094s ]
[ sql ] [ SQL ] SELECT COUNT(*) AS tp_count FROM `dm_notice` WHERE  `user_id` = 34  AND `notice_read` = 1 LIMIT 1 [ RunTime:0.000713s ]
[ sql ] [ SQL ] SHOW COLUMNS FROM `dm_admin_menu` [ RunTime:0.000909s ]
[ sql ] [ SQL ] SELECT `am`.`menu_id`,`am`.`name`,`am`.`parent_id`,`am`.`default_node`,`am`.`level`,`am`.`order_by`,group_concat(amn.node_id) as node_id FROM dm_admin_menu as am LEFT JOIN `dm_admin_menu_node` `amn` ON `am`.`menu_id`=`amn`.`menu_id` WHERE  (  am.is_delete='1'  ) GROUP BY am.menu_id ORDER BY `am`.`order_by` [ RunTime:0.001152s ]
[ sql ] [ SQL ] SELECT `am`.`menu_id`,`am`.`name`,`am`.`parent_id`,`am`.`default_node`,`am`.`level`,`am`.`order_by`,group_concat(amn.node_id) as node_id FROM dm_admin_menu as am LEFT JOIN `dm_admin_menu_node` `amn` ON `am`.`menu_id`=`amn`.`menu_id` WHERE  (  am.is_delete='1'  ) GROUP BY am.menu_id ORDER BY `am`.`order_by` [ RunTime:0.001081s ]
[ sql ] [ SQL ] SHOW COLUMNS FROM `dm_admin_node` [ RunTime:0.000872s ]
[ sql ] [ SQL ] SELECT * FROM `dm_admin_node` WHERE  (  is_delete=1 ) [ RunTime:0.000689s ]
[ sql ] [ SQL ] SELECT * FROM `dm_admin_node` WHERE  (  is_delete=1 ) [ RunTime:0.000697s ]
[ sql ] [ SQL ] SHOW COLUMNS FROM `dm_project` [ RunTime:0.000924s ]
[ sql ] [ SQL ] SELECT COUNT(*) AS tp_count FROM dm_project as pt LEFT JOIN `dm_user` `ur` ON `pt`.`charge_user_id`=`ur`.`user_id` LEFT JOIN (select project_id,sum(if(demand_status in(1,2,3,4,5,6),1,0)) total,sum(if(demand_status=1,1,0)) pending,sum(if(demand_status=2,1,0)) confirm, sum(if(demand_status=3,1,0)) development,sum(if(demand_status=4,1,0)) refuse, sum(if(demand_status=5,1,0)) test,sum(if(demand_status=6,1,0)) finish from dm_demand group by project_id ) dd ON `dd`.`project_id`=`pt`.`project_id` LIMIT 1 [ RunTime:0.000860s ]
[ sql ] [ SQL ] SELECT `dd`.*,`pt`.*,if(ur.real_name is null,`ur`.`nickname`,ur.real_name) as real_name,`ur`.`phone` FROM dm_project as pt LEFT JOIN `dm_user` `ur` ON `pt`.`charge_user_id`=`ur`.`user_id` LEFT JOIN (select project_id,sum(if(demand_status in(1,2,3,4,5,6),1,0)) total,sum(if(demand_status=1,1,0)) pending,sum(if(demand_status=2,1,0)) confirm, sum(if(demand_status=3,1,0)) development,sum(if(demand_status=4,1,0)) refuse, sum(if(demand_status=5,1,0)) test,sum(if(demand_status=6,1,0)) finish from dm_demand group by project_id ) dd ON `dd`.`project_id`=`pt`.`project_id` ORDER BY pt.sort_level desc,pt.project_name desc LIMIT 0,20 [ RunTime:0.001411s ]
[ sql ] [ SQL ] SHOW COLUMNS FROM `dm_admin_role` [ RunTime:0.000942s ]
[ sql ] [ SQL ] SELECT * FROM `dm_admin_role` WHERE  `admin_role_id` = 1 LIMIT 1 [ RunTime:0.000558s ]
---------------------------------------------------------------
[ 2019-03-18T17:41:37+08:00 ] 172.19.22.204 117.30.209.207 GET /demand/public/index.php/admin/system/admin_list.html
[ info ] 47.102.118.52/demand/public/index.php/admin/system/admin_list.html [运行时间：0.049454s][吞吐率：20.22req/s] [内存消耗：4,165.39kb] [文件加载：84]
[ info ] [ LANG ] /phpstudy/www/demand/think/lang/zh-cn.php
[ info ] [ ROUTE ] array (
  'type' => 'module',
  'module' => 
  array (
    0 => 'admin',
    1 => 'system',
    2 => 'admin_list',
  ),
)
[ info ] [ HEADER ] array (
  'host' => '47.102.118.52',
  'connection' => 'keep-alive',
  'upgrade-insecure-requests' => '1',
  'user-agent' => 'Mozilla/5.0 (Windows NT 10.0; Win64; x64) AppleWebKit/537.36 (KHTML, like Gecko) Chrome/72.0.3626.81 Safari/537.36',
  'accept' => 'text/html,application/xhtml+xml,application/xml;q=0.9,image/webp,image/apng,*/*;q=0.8',
  'referer' => 'http://47.102.118.52/demand/public/index.php/admin/total/project_list.html',
  'accept-encoding' => 'gzip, deflate',
  'accept-language' => 'zh-CN,zh;q=0.9',
  'cookie' => 'PHPSESSID=1mdt842rgeumh4388428o11u15',
  'content-type' => '',
  'content-length' => '',
)
[ info ] [ PARAM ] array (
)
[ info ] [ BEHAVIOR ] Run app\common\behavior\ModuleInit @module_init [ RunTime:0.000145s ]
[ info ] [ SESSION ] INIT array (
  'id' => '',
  'var_session_id' => '',
  'prefix' => 'think',
  'type' => '',
  'auto_start' => true,
  'httponly' => true,
  'secure' => false,
)
[ info ] [ DB ] INIT mysql
[ info ] [ RUN ] app\admin\controller\System->admin_list[ /phpstudy/www/demand/project/app/admin/controller/System.php ]
[ info ] [ VIEW ] /phpstudy/www/demand/public/../project/app/admin/view/system/admin_list.html [ array (
  0 => '_notice_count_',
  1 => 'role_id',
  2 => 'admin_super',
  3 => 'admin_type',
  4 => 'real_name',
  5 => 'phone',
  6 => 'admin_list',
  7 => 'role_list',
) ]
[ info ] [ RUN ] app\common\widget\Select->select[ /phpstudy/www/demand/project/app/common/widget/Select.php ]
[ info ] [ RUN ] app\common\widget\Select->select[ /phpstudy/www/demand/project/app/common/widget/Select.php ]
[ info ] [ RUN ] app\common\widget\Select->select[ /phpstudy/www/demand/project/app/common/widget/Select.php ]
[ info ] [ RUN ] app\common\widget\Color->color[ /phpstudy/www/demand/project/app/common/widget/Color.php ]
[ info ] [ RUN ] app\common\widget\Color->color[ /phpstudy/www/demand/project/app/common/widget/Color.php ]
[ info ] [ RUN ] app\common\widget\Color->color[ /phpstudy/www/demand/project/app/common/widget/Color.php ]
[ info ] [ RUN ] app\common\widget\Color->color[ /phpstudy/www/demand/project/app/common/widget/Color.php ]
[ info ] [ RUN ] app\common\widget\Color->color[ /phpstudy/www/demand/project/app/common/widget/Color.php ]
[ info ] [ RUN ] app\common\widget\Color->color[ /phpstudy/www/demand/project/app/common/widget/Color.php ]
[ info ] [ RUN ] app\common\widget\Color->color[ /phpstudy/www/demand/project/app/common/widget/Color.php ]
[ info ] [ RUN ] app\common\widget\Color->color[ /phpstudy/www/demand/project/app/common/widget/Color.php ]
[ info ] [ RUN ] app\common\widget\Color->color[ /phpstudy/www/demand/project/app/common/widget/Color.php ]
[ info ] [ RUN ] app\common\widget\Color->color[ /phpstudy/www/demand/project/app/common/widget/Color.php ]
[ info ] [ LOG ] INIT File
[ sql ] [ DB ] CONNECT:[ UseTime:0.000884s ] mysql:dbname=demand;host=47.102.118.52;port=3306;charset=utf8
[ sql ] [ SQL ] SHOW COLUMNS FROM `dm_notice` [ RunTime:0.001102s ]
[ sql ] [ SQL ] SELECT COUNT(*) AS tp_count FROM `dm_notice` WHERE  `user_id` = 34  AND `notice_read` = 1 LIMIT 1 [ RunTime:0.000751s ]
[ sql ] [ SQL ] SHOW COLUMNS FROM `dm_admin_menu` [ RunTime:0.000901s ]
[ sql ] [ SQL ] SELECT `am`.`menu_id`,`am`.`name`,`am`.`parent_id`,`am`.`default_node`,`am`.`level`,`am`.`order_by`,group_concat(amn.node_id) as node_id FROM dm_admin_menu as am LEFT JOIN `dm_admin_menu_node` `amn` ON `am`.`menu_id`=`amn`.`menu_id` WHERE  (  am.is_delete='1'  ) GROUP BY am.menu_id ORDER BY `am`.`order_by` [ RunTime:0.001084s ]
[ sql ] [ SQL ] SELECT `am`.`menu_id`,`am`.`name`,`am`.`parent_id`,`am`.`default_node`,`am`.`level`,`am`.`order_by`,group_concat(amn.node_id) as node_id FROM dm_admin_menu as am LEFT JOIN `dm_admin_menu_node` `amn` ON `am`.`menu_id`=`amn`.`menu_id` WHERE  (  am.is_delete='1'  ) GROUP BY am.menu_id ORDER BY `am`.`order_by` [ RunTime:0.001014s ]
[ sql ] [ SQL ] SHOW COLUMNS FROM `dm_admin_node` [ RunTime:0.000920s ]
[ sql ] [ SQL ] SELECT * FROM `dm_admin_node` WHERE  (  is_delete=1 ) [ RunTime:0.000653s ]
[ sql ] [ SQL ] SELECT * FROM `dm_admin_node` WHERE  (  is_delete=1 ) [ RunTime:0.000648s ]
[ sql ] [ SQL ] SHOW COLUMNS FROM `dm_admin` [ RunTime:0.001057s ]
[ sql ] [ SQL ] SELECT COUNT(*) AS tp_count FROM dm_admin as an LEFT JOIN `dm_admin_role` `ar` ON `an`.`admin_role_id`=`ar`.`admin_role_id` LIMIT 1 [ RunTime:0.000525s ]
[ sql ] [ SQL ] SELECT `an`.*,`ar`.`role_name`,`an`.`admin_super` FROM dm_admin as an LEFT JOIN `dm_admin_role` `ar` ON `an`.`admin_role_id`=`ar`.`admin_role_id` LIMIT 0,20 [ RunTime:0.000664s ]
[ sql ] [ SQL ] SHOW COLUMNS FROM `dm_admin_role` [ RunTime:0.000901s ]
[ sql ] [ SQL ] SELECT * FROM `dm_admin_role` [ RunTime:0.000551s ]
[ sql ] [ SQL ] SELECT * FROM `dm_admin_role` WHERE  `admin_role_id` = 1 LIMIT 1 [ RunTime:0.000575s ]
---------------------------------------------------------------
[ 2019-03-18T17:41:39+08:00 ] 172.19.22.204 117.30.209.207 GET /demand/public/index.php/admin/allot/demand_notice_list.html
[ info ] 47.102.118.52/demand/public/index.php/admin/allot/demand_notice_list.html [运行时间：0.051733s][吞吐率：19.33req/s] [内存消耗：4,492.07kb] [文件加载：86]
[ info ] [ LANG ] /phpstudy/www/demand/think/lang/zh-cn.php
[ info ] [ ROUTE ] array (
  'type' => 'module',
  'module' => 
  array (
    0 => 'admin',
    1 => 'allot',
    2 => 'demand_notice_list',
  ),
)
[ info ] [ HEADER ] array (
  'host' => '47.102.118.52',
  'connection' => 'keep-alive',
  'upgrade-insecure-requests' => '1',
  'user-agent' => 'Mozilla/5.0 (Windows NT 10.0; Win64; x64) AppleWebKit/537.36 (KHTML, like Gecko) Chrome/72.0.3626.81 Safari/537.36',
  'accept' => 'text/html,application/xhtml+xml,application/xml;q=0.9,image/webp,image/apng,*/*;q=0.8',
  'referer' => 'http://47.102.118.52/demand/public/index.php/admin/system/admin_list.html',
  'accept-encoding' => 'gzip, deflate',
  'accept-language' => 'zh-CN,zh;q=0.9',
  'cookie' => 'PHPSESSID=1mdt842rgeumh4388428o11u15',
  'content-type' => '',
  'content-length' => '',
)
[ info ] [ PARAM ] array (
)
[ info ] [ BEHAVIOR ] Run app\common\behavior\ModuleInit @module_init [ RunTime:0.000141s ]
[ info ] [ SESSION ] INIT array (
  'id' => '',
  'var_session_id' => '',
  'prefix' => 'think',
  'type' => '',
  'auto_start' => true,
  'httponly' => true,
  'secure' => false,
)
[ info ] [ DB ] INIT mysql
[ info ] [ RUN ] app\admin\controller\Allot->demand_notice_list[ /phpstudy/www/demand/project/app/admin/controller/Allot.php ]
[ info ] [ VIEW ] /phpstudy/www/demand/public/../project/app/admin/view/allot/demand_notice_list.html [ array (
  0 => '_notice_count_',
  1 => 'notice_list',
  2 => 'demand_id',
  3 => 'demand_describe',
  4 => 'notice_describe',
  5 => 'notice_read',
  6 => 'notice_state',
) ]
[ info ] [ RUN ] app\common\widget\Select->select[ /phpstudy/www/demand/project/app/common/widget/Select.php ]
[ info ] [ RUN ] app\common\widget\Select->select[ /phpstudy/www/demand/project/app/common/widget/Select.php ]
[ info ] [ RUN ] app\common\widget\Color->color[ /phpstudy/www/demand/project/app/common/widget/Color.php ]
[ info ] [ RUN ] app\common\widget\Color->color[ /phpstudy/www/demand/project/app/common/widget/Color.php ]
[ info ] [ RUN ] app\common\widget\Color->color[ /phpstudy/www/demand/project/app/common/widget/Color.php ]
[ info ] [ RUN ] app\common\widget\Color->color[ /phpstudy/www/demand/project/app/common/widget/Color.php ]
[ info ] [ RUN ] app\common\widget\Color->color[ /phpstudy/www/demand/project/app/common/widget/Color.php ]
[ info ] [ RUN ] app\common\widget\Color->color[ /phpstudy/www/demand/project/app/common/widget/Color.php ]
[ info ] [ RUN ] app\common\widget\Color->color[ /phpstudy/www/demand/project/app/common/widget/Color.php ]
[ info ] [ RUN ] app\common\widget\Color->color[ /phpstudy/www/demand/project/app/common/widget/Color.php ]
[ info ] [ RUN ] app\common\widget\Color->color[ /phpstudy/www/demand/project/app/common/widget/Color.php ]
[ info ] [ RUN ] app\common\widget\Color->color[ /phpstudy/www/demand/project/app/common/widget/Color.php ]
[ info ] [ RUN ] app\common\widget\Color->color[ /phpstudy/www/demand/project/app/common/widget/Color.php ]
[ info ] [ RUN ] app\common\widget\Color->color[ /phpstudy/www/demand/project/app/common/widget/Color.php ]
[ info ] [ RUN ] app\common\widget\Color->color[ /phpstudy/www/demand/project/app/common/widget/Color.php ]
[ info ] [ RUN ] app\common\widget\Color->color[ /phpstudy/www/demand/project/app/common/widget/Color.php ]
[ info ] [ RUN ] app\common\widget\Color->color[ /phpstudy/www/demand/project/app/common/widget/Color.php ]
[ info ] [ RUN ] app\common\widget\Color->color[ /phpstudy/www/demand/project/app/common/widget/Color.php ]
[ info ] [ RUN ] app\common\widget\Color->color[ /phpstudy/www/demand/project/app/common/widget/Color.php ]
[ info ] [ RUN ] app\common\widget\Color->color[ /phpstudy/www/demand/project/app/common/widget/Color.php ]
[ info ] [ RUN ] app\common\widget\Color->color[ /phpstudy/www/demand/project/app/common/widget/Color.php ]
[ info ] [ RUN ] app\common\widget\Color->color[ /phpstudy/www/demand/project/app/common/widget/Color.php ]
[ info ] [ RUN ] app\common\widget\Color->color[ /phpstudy/www/demand/project/app/common/widget/Color.php ]
[ info ] [ RUN ] app\common\widget\Color->color[ /phpstudy/www/demand/project/app/common/widget/Color.php ]
[ info ] [ RUN ] app\common\widget\Color->color[ /phpstudy/www/demand/project/app/common/widget/Color.php ]
[ info ] [ RUN ] app\common\widget\Color->color[ /phpstudy/www/demand/project/app/common/widget/Color.php ]
[ info ] [ RUN ] app\common\widget\Color->color[ /phpstudy/www/demand/project/app/common/widget/Color.php ]
[ info ] [ RUN ] app\common\widget\Color->color[ /phpstudy/www/demand/project/app/common/widget/Color.php ]
[ info ] [ RUN ] app\common\widget\Color->color[ /phpstudy/www/demand/project/app/common/widget/Color.php ]
[ info ] [ RUN ] app\common\widget\Color->color[ /phpstudy/www/demand/project/app/common/widget/Color.php ]
[ info ] [ RUN ] app\common\widget\Color->color[ /phpstudy/www/demand/project/app/common/widget/Color.php ]
[ info ] [ RUN ] app\common\widget\Color->color[ /phpstudy/www/demand/project/app/common/widget/Color.php ]
[ info ] [ RUN ] app\common\widget\Color->color[ /phpstudy/www/demand/project/app/common/widget/Color.php ]
[ info ] [ RUN ] app\common\widget\Color->color[ /phpstudy/www/demand/project/app/common/widget/Color.php ]
[ info ] [ RUN ] app\common\widget\Color->color[ /phpstudy/www/demand/project/app/common/widget/Color.php ]
[ info ] [ RUN ] app\common\widget\Color->color[ /phpstudy/www/demand/project/app/common/widget/Color.php ]
[ info ] [ RUN ] app\common\widget\Color->color[ /phpstudy/www/demand/project/app/common/widget/Color.php ]
[ info ] [ RUN ] app\common\widget\Color->color[ /phpstudy/www/demand/project/app/common/widget/Color.php ]
[ info ] [ RUN ] app\common\widget\Color->color[ /phpstudy/www/demand/project/app/common/widget/Color.php ]
[ info ] [ RUN ] app\common\widget\Color->color[ /phpstudy/www/demand/project/app/common/widget/Color.php ]
[ info ] [ RUN ] app\common\widget\Color->color[ /phpstudy/www/demand/project/app/common/widget/Color.php ]
[ info ] [ RUN ] app\common\widget\Color->color[ /phpstudy/www/demand/project/app/common/widget/Color.php ]
[ info ] [ LOG ] INIT File
[ sql ] [ DB ] CONNECT:[ UseTime:0.000899s ] mysql:dbname=demand;host=47.102.118.52;port=3306;charset=utf8
[ sql ] [ SQL ] SHOW COLUMNS FROM `dm_notice` [ RunTime:0.001094s ]
[ sql ] [ SQL ] SELECT COUNT(*) AS tp_count FROM `dm_notice` WHERE  `user_id` = 34  AND `notice_read` = 1 LIMIT 1 [ RunTime:0.000748s ]
[ sql ] [ SQL ] SHOW COLUMNS FROM `dm_admin_menu` [ RunTime:0.000936s ]
[ sql ] [ SQL ] SELECT `am`.`menu_id`,`am`.`name`,`am`.`parent_id`,`am`.`default_node`,`am`.`level`,`am`.`order_by`,group_concat(amn.node_id) as node_id FROM dm_admin_menu as am LEFT JOIN `dm_admin_menu_node` `amn` ON `am`.`menu_id`=`amn`.`menu_id` WHERE  (  am.is_delete='1'  ) GROUP BY am.menu_id ORDER BY `am`.`order_by` [ RunTime:0.001136s ]
[ sql ] [ SQL ] SELECT `am`.`menu_id`,`am`.`name`,`am`.`parent_id`,`am`.`default_node`,`am`.`level`,`am`.`order_by`,group_concat(amn.node_id) as node_id FROM dm_admin_menu as am LEFT JOIN `dm_admin_menu_node` `amn` ON `am`.`menu_id`=`amn`.`menu_id` WHERE  (  am.is_delete='1'  ) GROUP BY am.menu_id ORDER BY `am`.`order_by` [ RunTime:0.001063s ]
[ sql ] [ SQL ] SHOW COLUMNS FROM `dm_admin_node` [ RunTime:0.000884s ]
[ sql ] [ SQL ] SELECT * FROM `dm_admin_node` WHERE  (  is_delete=1 ) [ RunTime:0.000699s ]
[ sql ] [ SQL ] SELECT * FROM `dm_admin_node` WHERE  (  is_delete=1 ) [ RunTime:0.000667s ]
[ sql ] [ SQL ] SELECT COUNT(*) AS tp_count FROM dm_notice as ne LEFT JOIN `dm_demand` `dd` ON `dd`.`demand_id`=`ne`.`demand_id` WHERE  `ne`.`user_id` = 34 LIMIT 1 [ RunTime:0.000645s ]
[ sql ] [ SQL ] SELECT `ne`.*,`dd`.`demand_describe` FROM dm_notice as ne LEFT JOIN `dm_demand` `dd` ON `dd`.`demand_id`=`ne`.`demand_id` WHERE  `ne`.`user_id` = 34 ORDER BY ne.notice_id desc LIMIT 0,20 [ RunTime:0.000726s ]
[ sql ] [ SQL ] SHOW COLUMNS FROM `dm_admin_role` [ RunTime:0.000941s ]
[ sql ] [ SQL ] SELECT * FROM `dm_admin_role` WHERE  `admin_role_id` = 1 LIMIT 1 [ RunTime:0.000591s ]
---------------------------------------------------------------
[ 2019-03-18T17:41:39+08:00 ] 172.19.22.204 117.30.209.207 GET /demand/public/index.php/admin/allot/demand_notice_list.html
[ info ] 47.102.118.52/demand/public/index.php/admin/allot/demand_notice_list.html [运行时间：0.052114s][吞吐率：19.19req/s] [内存消耗：4,261.34kb] [文件加载：84]
[ info ] [ LANG ] /phpstudy/www/demand/think/lang/zh-cn.php
[ info ] [ ROUTE ] array (
  'type' => 'module',
  'module' => 
  array (
    0 => 'admin',
    1 => 'allot',
    2 => 'demand_notice_list',
  ),
)
[ info ] [ HEADER ] array (
  'host' => '47.102.118.52',
  'connection' => 'keep-alive',
  'upgrade-insecure-requests' => '1',
  'user-agent' => 'Mozilla/5.0 (Windows NT 10.0; Win64; x64) AppleWebKit/537.36 (KHTML, like Gecko) Chrome/72.0.3626.81 Safari/537.36',
  'accept' => 'text/html,application/xhtml+xml,application/xml;q=0.9,image/webp,image/apng,*/*;q=0.8',
  'referer' => 'http://47.102.118.52/demand/public/index.php/admin/allot/demand_notice_list.html',
  'accept-encoding' => 'gzip, deflate',
  'accept-language' => 'zh-CN,zh;q=0.9',
  'cookie' => 'PHPSESSID=1mdt842rgeumh4388428o11u15',
  'content-type' => '',
  'content-length' => '',
)
[ info ] [ PARAM ] array (
)
[ info ] [ BEHAVIOR ] Run app\common\behavior\ModuleInit @module_init [ RunTime:0.000148s ]
[ info ] [ SESSION ] INIT array (
  'id' => '',
  'var_session_id' => '',
  'prefix' => 'think',
  'type' => '',
  'auto_start' => true,
  'httponly' => true,
  'secure' => false,
)
[ info ] [ DB ] INIT mysql
[ info ] [ RUN ] app\admin\controller\Allot->demand_notice_list[ /phpstudy/www/demand/project/app/admin/controller/Allot.php ]
[ info ] [ VIEW ] /phpstudy/www/demand/public/../project/app/admin/view/allot/demand_notice_list.html [ array (
  0 => '_notice_count_',
  1 => 'notice_list',
  2 => 'demand_id',
  3 => 'demand_describe',
  4 => 'notice_describe',
  5 => 'notice_read',
  6 => 'notice_state',
) ]
[ info ] [ RUN ] app\common\widget\Select->select[ /phpstudy/www/demand/project/app/common/widget/Select.php ]
[ info ] [ RUN ] app\common\widget\Select->select[ /phpstudy/www/demand/project/app/common/widget/Select.php ]
[ info ] [ RUN ] app\common\widget\Color->color[ /phpstudy/www/demand/project/app/common/widget/Color.php ]
[ info ] [ RUN ] app\common\widget\Color->color[ /phpstudy/www/demand/project/app/common/widget/Color.php ]
[ info ] [ RUN ] app\common\widget\Color->color[ /phpstudy/www/demand/project/app/common/widget/Color.php ]
[ info ] [ RUN ] app\common\widget\Color->color[ /phpstudy/www/demand/project/app/common/widget/Color.php ]
[ info ] [ RUN ] app\common\widget\Color->color[ /phpstudy/www/demand/project/app/common/widget/Color.php ]
[ info ] [ RUN ] app\common\widget\Color->color[ /phpstudy/www/demand/project/app/common/widget/Color.php ]
[ info ] [ RUN ] app\common\widget\Color->color[ /phpstudy/www/demand/project/app/common/widget/Color.php ]
[ info ] [ RUN ] app\common\widget\Color->color[ /phpstudy/www/demand/project/app/common/widget/Color.php ]
[ info ] [ RUN ] app\common\widget\Color->color[ /phpstudy/www/demand/project/app/common/widget/Color.php ]
[ info ] [ RUN ] app\common\widget\Color->color[ /phpstudy/www/demand/project/app/common/widget/Color.php ]
[ info ] [ RUN ] app\common\widget\Color->color[ /phpstudy/www/demand/project/app/common/widget/Color.php ]
[ info ] [ RUN ] app\common\widget\Color->color[ /phpstudy/www/demand/project/app/common/widget/Color.php ]
[ info ] [ RUN ] app\common\widget\Color->color[ /phpstudy/www/demand/project/app/common/widget/Color.php ]
[ info ] [ RUN ] app\common\widget\Color->color[ /phpstudy/www/demand/project/app/common/widget/Color.php ]
[ info ] [ RUN ] app\common\widget\Color->color[ /phpstudy/www/demand/project/app/common/widget/Color.php ]
[ info ] [ RUN ] app\common\widget\Color->color[ /phpstudy/www/demand/project/app/common/widget/Color.php ]
[ info ] [ RUN ] app\common\widget\Color->color[ /phpstudy/www/demand/project/app/common/widget/Color.php ]
[ info ] [ RUN ] app\common\widget\Color->color[ /phpstudy/www/demand/project/app/common/widget/Color.php ]
[ info ] [ RUN ] app\common\widget\Color->color[ /phpstudy/www/demand/project/app/common/widget/Color.php ]
[ info ] [ RUN ] app\common\widget\Color->color[ /phpstudy/www/demand/project/app/common/widget/Color.php ]
[ info ] [ RUN ] app\common\widget\Color->color[ /phpstudy/www/demand/project/app/common/widget/Color.php ]
[ info ] [ RUN ] app\common\widget\Color->color[ /phpstudy/www/demand/project/app/common/widget/Color.php ]
[ info ] [ RUN ] app\common\widget\Color->color[ /phpstudy/www/demand/project/app/common/widget/Color.php ]
[ info ] [ RUN ] app\common\widget\Color->color[ /phpstudy/www/demand/project/app/common/widget/Color.php ]
[ info ] [ RUN ] app\common\widget\Color->color[ /phpstudy/www/demand/project/app/common/widget/Color.php ]
[ info ] [ RUN ] app\common\widget\Color->color[ /phpstudy/www/demand/project/app/common/widget/Color.php ]
[ info ] [ RUN ] app\common\widget\Color->color[ /phpstudy/www/demand/project/app/common/widget/Color.php ]
[ info ] [ RUN ] app\common\widget\Color->color[ /phpstudy/www/demand/project/app/common/widget/Color.php ]
[ info ] [ RUN ] app\common\widget\Color->color[ /phpstudy/www/demand/project/app/common/widget/Color.php ]
[ info ] [ RUN ] app\common\widget\Color->color[ /phpstudy/www/demand/project/app/common/widget/Color.php ]
[ info ] [ RUN ] app\common\widget\Color->color[ /phpstudy/www/demand/project/app/common/widget/Color.php ]
[ info ] [ RUN ] app\common\widget\Color->color[ /phpstudy/www/demand/project/app/common/widget/Color.php ]
[ info ] [ RUN ] app\common\widget\Color->color[ /phpstudy/www/demand/project/app/common/widget/Color.php ]
[ info ] [ RUN ] app\common\widget\Color->color[ /phpstudy/www/demand/project/app/common/widget/Color.php ]
[ info ] [ RUN ] app\common\widget\Color->color[ /phpstudy/www/demand/project/app/common/widget/Color.php ]
[ info ] [ RUN ] app\common\widget\Color->color[ /phpstudy/www/demand/project/app/common/widget/Color.php ]
[ info ] [ RUN ] app\common\widget\Color->color[ /phpstudy/www/demand/project/app/common/widget/Color.php ]
[ info ] [ RUN ] app\common\widget\Color->color[ /phpstudy/www/demand/project/app/common/widget/Color.php ]
[ info ] [ RUN ] app\common\widget\Color->color[ /phpstudy/www/demand/project/app/common/widget/Color.php ]
[ info ] [ RUN ] app\common\widget\Color->color[ /phpstudy/www/demand/project/app/common/widget/Color.php ]
[ info ] [ LOG ] INIT File
[ sql ] [ DB ] CONNECT:[ UseTime:0.000893s ] mysql:dbname=demand;host=47.102.118.52;port=3306;charset=utf8
[ sql ] [ SQL ] SHOW COLUMNS FROM `dm_notice` [ RunTime:0.001180s ]
[ sql ] [ SQL ] SELECT COUNT(*) AS tp_count FROM `dm_notice` WHERE  `user_id` = 34  AND `notice_read` = 1 LIMIT 1 [ RunTime:0.000771s ]
[ sql ] [ SQL ] SHOW COLUMNS FROM `dm_admin_menu` [ RunTime:0.000972s ]
[ sql ] [ SQL ] SELECT `am`.`menu_id`,`am`.`name`,`am`.`parent_id`,`am`.`default_node`,`am`.`level`,`am`.`order_by`,group_concat(amn.node_id) as node_id FROM dm_admin_menu as am LEFT JOIN `dm_admin_menu_node` `amn` ON `am`.`menu_id`=`amn`.`menu_id` WHERE  (  am.is_delete='1'  ) GROUP BY am.menu_id ORDER BY `am`.`order_by` [ RunTime:0.001183s ]
[ sql ] [ SQL ] SELECT `am`.`menu_id`,`am`.`name`,`am`.`parent_id`,`am`.`default_node`,`am`.`level`,`am`.`order_by`,group_concat(amn.node_id) as node_id FROM dm_admin_menu as am LEFT JOIN `dm_admin_menu_node` `amn` ON `am`.`menu_id`=`amn`.`menu_id` WHERE  (  am.is_delete='1'  ) GROUP BY am.menu_id ORDER BY `am`.`order_by` [ RunTime:0.001103s ]
[ sql ] [ SQL ] SHOW COLUMNS FROM `dm_admin_node` [ RunTime:0.000926s ]
[ sql ] [ SQL ] SELECT * FROM `dm_admin_node` WHERE  (  is_delete=1 ) [ RunTime:0.000712s ]
[ sql ] [ SQL ] SELECT * FROM `dm_admin_node` WHERE  (  is_delete=1 ) [ RunTime:0.000649s ]
[ sql ] [ SQL ] SELECT COUNT(*) AS tp_count FROM dm_notice as ne LEFT JOIN `dm_demand` `dd` ON `dd`.`demand_id`=`ne`.`demand_id` WHERE  `ne`.`user_id` = 34 LIMIT 1 [ RunTime:0.000627s ]
[ sql ] [ SQL ] SELECT `ne`.*,`dd`.`demand_describe` FROM dm_notice as ne LEFT JOIN `dm_demand` `dd` ON `dd`.`demand_id`=`ne`.`demand_id` WHERE  `ne`.`user_id` = 34 ORDER BY ne.notice_id desc LIMIT 0,20 [ RunTime:0.000725s ]
[ sql ] [ SQL ] SHOW COLUMNS FROM `dm_admin_role` [ RunTime:0.000934s ]
[ sql ] [ SQL ] SELECT * FROM `dm_admin_role` WHERE  `admin_role_id` = 1 LIMIT 1 [ RunTime:0.000567s ]
---------------------------------------------------------------
[ 2019-03-18T17:41:43+08:00 ] 172.19.22.204 117.30.209.207 GET /demand/public/index.php/admin/allot/demand_notice_info/notice_id/202.html
[ info ] 47.102.118.52/demand/public/index.php/admin/allot/demand_notice_info/notice_id/202.html [运行时间：0.053442s][吞吐率：18.71req/s] [内存消耗：4,182.42kb] [文件加载：83]
[ info ] [ LANG ] /phpstudy/www/demand/think/lang/zh-cn.php
[ info ] [ ROUTE ] array (
  'type' => 'module',
  'module' => 
  array (
    0 => 'admin',
    1 => 'allot',
    2 => 'demand_notice_info',
  ),
)
[ info ] [ HEADER ] array (
  'host' => '47.102.118.52',
  'connection' => 'keep-alive',
  'upgrade-insecure-requests' => '1',
  'user-agent' => 'Mozilla/5.0 (Windows NT 10.0; Win64; x64) AppleWebKit/537.36 (KHTML, like Gecko) Chrome/72.0.3626.81 Safari/537.36',
  'accept' => 'text/html,application/xhtml+xml,application/xml;q=0.9,image/webp,image/apng,*/*;q=0.8',
  'referer' => 'http://47.102.118.52/demand/public/index.php/admin/allot/demand_notice_list.html',
  'accept-encoding' => 'gzip, deflate',
  'accept-language' => 'zh-CN,zh;q=0.9',
  'cookie' => 'PHPSESSID=1mdt842rgeumh4388428o11u15',
  'content-type' => '',
  'content-length' => '',
)
[ info ] [ PARAM ] array (
  'notice_id' => '202',
)
[ info ] [ BEHAVIOR ] Run app\common\behavior\ModuleInit @module_init [ RunTime:0.000152s ]
[ info ] [ SESSION ] INIT array (
  'id' => '',
  'var_session_id' => '',
  'prefix' => 'think',
  'type' => '',
  'auto_start' => true,
  'httponly' => true,
  'secure' => false,
)
[ info ] [ DB ] INIT mysql
[ info ] [ RUN ] app\admin\controller\Allot->demand_notice_info[ /phpstudy/www/demand/project/app/admin/controller/Allot.php ]
[ info ] [ VIEW ] /phpstudy/www/demand/public/../project/app/admin/view/allot/demand_notice_info.html [ array (
  0 => '_notice_count_',
  1 => 'notice_info',
) ]
[ info ] [ RUN ] app\common\widget\TextArea->text_area[ /phpstudy/www/demand/project/app/common/widget/TextArea.php ]
[ info ] [ RUN ] app\common\widget\TextArea->text_area[ /phpstudy/www/demand/project/app/common/widget/TextArea.php ]
[ info ] [ RUN ] app\common\widget\Color->color[ /phpstudy/www/demand/project/app/common/widget/Color.php ]
[ info ] [ RUN ] app\common\widget\Color->color[ /phpstudy/www/demand/project/app/common/widget/Color.php ]
[ info ] [ LOG ] INIT File
[ sql ] [ DB ] CONNECT:[ UseTime:0.000880s ] mysql:dbname=demand;host=47.102.118.52;port=3306;charset=utf8
[ sql ] [ SQL ] SHOW COLUMNS FROM `dm_notice` [ RunTime:0.001094s ]
[ sql ] [ SQL ] SELECT COUNT(*) AS tp_count FROM `dm_notice` WHERE  `user_id` = 34  AND `notice_read` = 1 LIMIT 1 [ RunTime:0.000749s ]
[ sql ] [ SQL ] SHOW COLUMNS FROM `dm_admin_menu` [ RunTime:0.000944s ]
[ sql ] [ SQL ] SELECT `am`.`menu_id`,`am`.`name`,`am`.`parent_id`,`am`.`default_node`,`am`.`level`,`am`.`order_by`,group_concat(amn.node_id) as node_id FROM dm_admin_menu as am LEFT JOIN `dm_admin_menu_node` `amn` ON `am`.`menu_id`=`amn`.`menu_id` WHERE  (  am.is_delete='1'  ) GROUP BY am.menu_id ORDER BY `am`.`order_by` [ RunTime:0.001121s ]
[ sql ] [ SQL ] SELECT `am`.`menu_id`,`am`.`name`,`am`.`parent_id`,`am`.`default_node`,`am`.`level`,`am`.`order_by`,group_concat(amn.node_id) as node_id FROM dm_admin_menu as am LEFT JOIN `dm_admin_menu_node` `amn` ON `am`.`menu_id`=`amn`.`menu_id` WHERE  (  am.is_delete='1'  ) GROUP BY am.menu_id ORDER BY `am`.`order_by` [ RunTime:0.001063s ]
[ sql ] [ SQL ] SHOW COLUMNS FROM `dm_admin_node` [ RunTime:0.000894s ]
[ sql ] [ SQL ] SELECT * FROM `dm_admin_node` WHERE  (  is_delete=1 ) [ RunTime:0.000673s ]
[ sql ] [ SQL ] SELECT * FROM `dm_admin_node` WHERE  (  is_delete=1 ) [ RunTime:0.000666s ]
[ sql ] [ SQL ] SELECT `ne`.*,`dd`.`demand_describe`,`pt`.`project_id`,`pt`.`project_name` FROM dm_notice as ne LEFT JOIN `dm_demand` `dd` ON `dd`.`demand_id`=`ne`.`demand_id` LEFT JOIN `dm_project` `pt` ON `pt`.`project_id`=`dd`.`project_id` WHERE  `ne`.`user_id` = 34  AND `ne`.`notice_id` = '202' ORDER BY ne.notice_id desc LIMIT 1 [ RunTime:0.000738s ]
[ sql ] [ SQL ] UPDATE dm_notice as ne  SET `notice_read`=2  WHERE  `ne`.`user_id` = 34  AND `ne`.`notice_id` = '202' [ RunTime:0.005504s ]
[ sql ] [ SQL ] SHOW COLUMNS FROM `dm_admin_role` [ RunTime:0.001091s ]
[ sql ] [ SQL ] SELECT * FROM `dm_admin_role` WHERE  `admin_role_id` = 1 LIMIT 1 [ RunTime:0.000560s ]
---------------------------------------------------------------
[ 2019-03-18T17:42:02+08:00 ] 172.19.22.204 117.30.209.207 GET /demand/public/index.php/admin/allot/demand_task_list.html
[ info ] 47.102.118.52/demand/public/index.php/admin/allot/demand_task_list.html [运行时间：0.053210s][吞吐率：18.79req/s] [内存消耗：4,459.68kb] [文件加载：86]
[ info ] [ LANG ] /phpstudy/www/demand/think/lang/zh-cn.php
[ info ] [ ROUTE ] array (
  'type' => 'module',
  'module' => 
  array (
    0 => 'admin',
    1 => 'allot',
    2 => 'demand_task_list',
  ),
)
[ info ] [ HEADER ] array (
  'host' => '47.102.118.52',
  'connection' => 'keep-alive',
  'upgrade-insecure-requests' => '1',
  'user-agent' => 'Mozilla/5.0 (Windows NT 10.0; Win64; x64) AppleWebKit/537.36 (KHTML, like Gecko) Chrome/72.0.3626.81 Safari/537.36',
  'accept' => 'text/html,application/xhtml+xml,application/xml;q=0.9,image/webp,image/apng,*/*;q=0.8',
  'referer' => 'http://47.102.118.52/demand/public/index.php/admin/allot/demand_notice_info/notice_id/202.html',
  'accept-encoding' => 'gzip, deflate',
  'accept-language' => 'zh-CN,zh;q=0.9',
  'cookie' => 'PHPSESSID=1mdt842rgeumh4388428o11u15',
  'content-type' => '',
  'content-length' => '',
)
[ info ] [ PARAM ] array (
)
[ info ] [ BEHAVIOR ] Run app\common\behavior\ModuleInit @module_init [ RunTime:0.000149s ]
[ info ] [ SESSION ] INIT array (
  'id' => '',
  'var_session_id' => '',
  'prefix' => 'think',
  'type' => '',
  'auto_start' => true,
  'httponly' => true,
  'secure' => false,
)
[ info ] [ DB ] INIT mysql
[ info ] [ RUN ] app\admin\controller\Allot->demand_task_list[ /phpstudy/www/demand/project/app/admin/controller/Allot.php ]
[ info ] [ VIEW ] /phpstudy/www/demand/public/../project/app/admin/view/allot/demand_task_list.html [ array (
  0 => '_notice_count_',
  1 => 'project_list',
  2 => 'demand_list',
  3 => 'demand_id',
  4 => 'project_id',
  5 => 'demand_describe',
  6 => 'demand_status',
  7 => 'priority_level',
) ]
[ info ] [ RUN ] app\common\widget\Select->select[ /phpstudy/www/demand/project/app/common/widget/Select.php ]
[ info ] [ RUN ] app\common\widget\Select->select[ /phpstudy/www/demand/project/app/common/widget/Select.php ]
[ info ] [ RUN ] app\common\widget\Select->select[ /phpstudy/www/demand/project/app/common/widget/Select.php ]
[ info ] [ RUN ] app\common\widget\Color->color[ /phpstudy/www/demand/project/app/common/widget/Color.php ]
[ info ] [ RUN ] app\common\widget\Color->color[ /phpstudy/www/demand/project/app/common/widget/Color.php ]
[ info ] [ RUN ] app\common\widget\Color->color[ /phpstudy/www/demand/project/app/common/widget/Color.php ]
[ info ] [ LOG ] INIT File
[ sql ] [ DB ] CONNECT:[ UseTime:0.000873s ] mysql:dbname=demand;host=47.102.118.52;port=3306;charset=utf8
[ sql ] [ SQL ] SHOW COLUMNS FROM `dm_notice` [ RunTime:0.001162s ]
[ sql ] [ SQL ] SELECT COUNT(*) AS tp_count FROM `dm_notice` WHERE  `user_id` = 34  AND `notice_read` = 1 LIMIT 1 [ RunTime:0.000755s ]
[ sql ] [ SQL ] SHOW COLUMNS FROM `dm_admin_menu` [ RunTime:0.000953s ]
[ sql ] [ SQL ] SELECT `am`.`menu_id`,`am`.`name`,`am`.`parent_id`,`am`.`default_node`,`am`.`level`,`am`.`order_by`,group_concat(amn.node_id) as node_id FROM dm_admin_menu as am LEFT JOIN `dm_admin_menu_node` `amn` ON `am`.`menu_id`=`amn`.`menu_id` WHERE  (  am.is_delete='1'  ) GROUP BY am.menu_id ORDER BY `am`.`order_by` [ RunTime:0.001109s ]
[ sql ] [ SQL ] SELECT `am`.`menu_id`,`am`.`name`,`am`.`parent_id`,`am`.`default_node`,`am`.`level`,`am`.`order_by`,group_concat(amn.node_id) as node_id FROM dm_admin_menu as am LEFT JOIN `dm_admin_menu_node` `amn` ON `am`.`menu_id`=`amn`.`menu_id` WHERE  (  am.is_delete='1'  ) GROUP BY am.menu_id ORDER BY `am`.`order_by` [ RunTime:0.001063s ]
[ sql ] [ SQL ] SHOW COLUMNS FROM `dm_admin_node` [ RunTime:0.000849s ]
[ sql ] [ SQL ] SELECT * FROM `dm_admin_node` WHERE  (  is_delete=1 ) [ RunTime:0.000675s ]
[ sql ] [ SQL ] SELECT * FROM `dm_admin_node` WHERE  (  is_delete=1 ) [ RunTime:0.000655s ]
[ sql ] [ SQL ] SHOW COLUMNS FROM `dm_project` [ RunTime:0.000921s ]
[ sql ] [ SQL ] SELECT `project_id`,`project_name` FROM `dm_project` WHERE  `propose_status` = 1 [ RunTime:0.000571s ]
[ sql ] [ SQL ] SHOW COLUMNS FROM `dm_task` [ RunTime:0.000932s ]
[ sql ] [ SQL ] SELECT COUNT(*) AS tp_count FROM dm_task as tk LEFT JOIN `dm_demand` `dd` ON `dd`.`demand_id`=`tk`.`demand_id` LEFT JOIN `dm_project` `pt` ON `dd`.`project_id`=`pt`.`project_id` WHERE  `tk`.`user_id` = 34 LIMIT 1 [ RunTime:0.000609s ]
[ sql ] [ SQL ] SELECT `tk`.*,`pt`.`project_name`,`dd`.`demand_describe` FROM dm_task as tk LEFT JOIN `dm_demand` `dd` ON `dd`.`demand_id`=`tk`.`demand_id` LEFT JOIN `dm_project` `pt` ON `dd`.`project_id`=`pt`.`project_id` WHERE  `tk`.`user_id` = 34 ORDER BY tk.task_id desc LIMIT 0,20 [ RunTime:0.000634s ]
[ sql ] [ SQL ] SHOW COLUMNS FROM `dm_admin_role` [ RunTime:0.000960s ]
[ sql ] [ SQL ] SELECT * FROM `dm_admin_role` WHERE  `admin_role_id` = 1 LIMIT 1 [ RunTime:0.000574s ]
---------------------------------------------------------------
[ 2019-03-18T17:42:03+08:00 ] 172.19.22.204 117.30.209.207 GET /demand/public/index.php/admin/allot/demand_develop_list.html
[ info ] 47.102.118.52/demand/public/index.php/admin/allot/demand_develop_list.html [运行时间：0.053737s][吞吐率：18.61req/s] [内存消耗：4,487.20kb] [文件加载：86]
[ info ] [ LANG ] /phpstudy/www/demand/think/lang/zh-cn.php
[ info ] [ ROUTE ] array (
  'type' => 'module',
  'module' => 
  array (
    0 => 'admin',
    1 => 'allot',
    2 => 'demand_develop_list',
  ),
)
[ info ] [ HEADER ] array (
  'host' => '47.102.118.52',
  'connection' => 'keep-alive',
  'upgrade-insecure-requests' => '1',
  'user-agent' => 'Mozilla/5.0 (Windows NT 10.0; Win64; x64) AppleWebKit/537.36 (KHTML, like Gecko) Chrome/72.0.3626.81 Safari/537.36',
  'accept' => 'text/html,application/xhtml+xml,application/xml;q=0.9,image/webp,image/apng,*/*;q=0.8',
  'referer' => 'http://47.102.118.52/demand/public/index.php/admin/allot/demand_task_list.html',
  'accept-encoding' => 'gzip, deflate',
  'accept-language' => 'zh-CN,zh;q=0.9',
  'cookie' => 'PHPSESSID=1mdt842rgeumh4388428o11u15',
  'content-type' => '',
  'content-length' => '',
)
[ info ] [ PARAM ] array (
)
[ info ] [ BEHAVIOR ] Run app\common\behavior\ModuleInit @module_init [ RunTime:0.000144s ]
[ info ] [ SESSION ] INIT array (
  'id' => '',
  'var_session_id' => '',
  'prefix' => 'think',
  'type' => '',
  'auto_start' => true,
  'httponly' => true,
  'secure' => false,
)
[ info ] [ DB ] INIT mysql
[ info ] [ RUN ] app\admin\controller\Allot->demand_develop_list[ /phpstudy/www/demand/project/app/admin/controller/Allot.php ]
[ info ] [ VIEW ] /phpstudy/www/demand/public/../project/app/admin/view/allot/demand_develop_list.html [ array (
  0 => '_notice_count_',
  1 => 'project_list',
  2 => 'demand_list',
  3 => 'demand_id',
  4 => 'project_id',
  5 => 'demand_describe',
  6 => 'demand_status',
  7 => 'demand_status_list',
  8 => 'priority_level',
) ]
[ info ] [ RUN ] app\common\widget\Select->select[ /phpstudy/www/demand/project/app/common/widget/Select.php ]
[ info ] [ RUN ] app\common\widget\Select->select[ /phpstudy/www/demand/project/app/common/widget/Select.php ]
[ info ] [ RUN ] app\common\widget\Select->select[ /phpstudy/www/demand/project/app/common/widget/Select.php ]
[ info ] [ RUN ] app\common\widget\Color->color[ /phpstudy/www/demand/project/app/common/widget/Color.php ]
[ info ] [ RUN ] app\common\widget\Color->color[ /phpstudy/www/demand/project/app/common/widget/Color.php ]
[ info ] [ RUN ] app\common\widget\Color->color[ /phpstudy/www/demand/project/app/common/widget/Color.php ]
[ info ] [ RUN ] app\common\widget\Color->color[ /phpstudy/www/demand/project/app/common/widget/Color.php ]
[ info ] [ RUN ] app\common\widget\Color->color[ /phpstudy/www/demand/project/app/common/widget/Color.php ]
[ info ] [ RUN ] app\common\widget\Color->color[ /phpstudy/www/demand/project/app/common/widget/Color.php ]
[ info ] [ RUN ] app\common\widget\Color->color[ /phpstudy/www/demand/project/app/common/widget/Color.php ]
[ info ] [ RUN ] app\common\widget\Color->color[ /phpstudy/www/demand/project/app/common/widget/Color.php ]
[ info ] [ LOG ] INIT File
[ sql ] [ DB ] CONNECT:[ UseTime:0.000875s ] mysql:dbname=demand;host=47.102.118.52;port=3306;charset=utf8
[ sql ] [ SQL ] SHOW COLUMNS FROM `dm_notice` [ RunTime:0.001085s ]
[ sql ] [ SQL ] SELECT COUNT(*) AS tp_count FROM `dm_notice` WHERE  `user_id` = 34  AND `notice_read` = 1 LIMIT 1 [ RunTime:0.000767s ]
[ sql ] [ SQL ] SHOW COLUMNS FROM `dm_admin_menu` [ RunTime:0.000926s ]
[ sql ] [ SQL ] SELECT `am`.`menu_id`,`am`.`name`,`am`.`parent_id`,`am`.`default_node`,`am`.`level`,`am`.`order_by`,group_concat(amn.node_id) as node_id FROM dm_admin_menu as am LEFT JOIN `dm_admin_menu_node` `amn` ON `am`.`menu_id`=`amn`.`menu_id` WHERE  (  am.is_delete='1'  ) GROUP BY am.menu_id ORDER BY `am`.`order_by` [ RunTime:0.001091s ]
[ sql ] [ SQL ] SELECT `am`.`menu_id`,`am`.`name`,`am`.`parent_id`,`am`.`default_node`,`am`.`level`,`am`.`order_by`,group_concat(amn.node_id) as node_id FROM dm_admin_menu as am LEFT JOIN `dm_admin_menu_node` `amn` ON `am`.`menu_id`=`amn`.`menu_id` WHERE  (  am.is_delete='1'  ) GROUP BY am.menu_id ORDER BY `am`.`order_by` [ RunTime:0.001041s ]
[ sql ] [ SQL ] SHOW COLUMNS FROM `dm_admin_node` [ RunTime:0.000846s ]
[ sql ] [ SQL ] SELECT * FROM `dm_admin_node` WHERE  (  is_delete=1 ) [ RunTime:0.000656s ]
[ sql ] [ SQL ] SELECT * FROM `dm_admin_node` WHERE  (  is_delete=1 ) [ RunTime:0.000766s ]
[ sql ] [ SQL ] SHOW COLUMNS FROM `dm_project` [ RunTime:0.000882s ]
[ sql ] [ SQL ] SELECT `project_id`,`project_name` FROM `dm_project` WHERE  `propose_status` = 1 [ RunTime:0.000563s ]
[ sql ] [ SQL ] SHOW COLUMNS FROM `dm_demand` [ RunTime:0.001033s ]
[ sql ] [ SQL ] SELECT COUNT(*) AS tp_count FROM dm_demand as dd INNER JOIN `dm_project` `pt` ON `dd`.`project_id`=`pt`.`project_id` INNER JOIN `dm_user` `ur` ON `dd`.`user_id`=`ur`.`user_id` WHERE  `pt`.`propose_status` = '1'  AND ( find_in_set('34',design_list) || find_in_set('34',development_list) || find_in_set('34',test_list) ) LIMIT 1 [ RunTime:0.000738s ]
[ sql ] [ SQL ] SELECT `dd`.*,`pt`.`project_name`,if(ur.real_name is null,`ur`.`nickname`,ur.real_name) as real_name,`ur`.`phone` FROM dm_demand as dd INNER JOIN `dm_project` `pt` ON `dd`.`project_id`=`pt`.`project_id` INNER JOIN `dm_user` `ur` ON `dd`.`user_id`=`ur`.`user_id` WHERE  `pt`.`propose_status` = '1'  AND ( find_in_set('34',design_list) || find_in_set('34',development_list) || find_in_set('34',test_list) ) ORDER BY dd.demand_id desc LIMIT 0,20 [ RunTime:0.001201s ]
[ sql ] [ SQL ] SHOW COLUMNS FROM `dm_admin_role` [ RunTime:0.000896s ]
[ sql ] [ SQL ] SELECT * FROM `dm_admin_role` WHERE  `admin_role_id` = 1 LIMIT 1 [ RunTime:0.000566s ]
---------------------------------------------------------------
[ 2019-03-18T17:42:04+08:00 ] 172.19.22.204 117.30.209.207 GET /demand/public/index.php/admin/allot/demand_propose_list.html
[ info ] 47.102.118.52/demand/public/index.php/admin/allot/demand_propose_list.html [运行时间：0.053986s][吞吐率：18.52req/s] [内存消耗：4,335.45kb] [文件加载：84]
[ info ] [ LANG ] /phpstudy/www/demand/think/lang/zh-cn.php
[ info ] [ ROUTE ] array (
  'type' => 'module',
  'module' => 
  array (
    0 => 'admin',
    1 => 'allot',
    2 => 'demand_propose_list',
  ),
)
[ info ] [ HEADER ] array (
  'host' => '47.102.118.52',
  'connection' => 'keep-alive',
  'upgrade-insecure-requests' => '1',
  'user-agent' => 'Mozilla/5.0 (Windows NT 10.0; Win64; x64) AppleWebKit/537.36 (KHTML, like Gecko) Chrome/72.0.3626.81 Safari/537.36',
  'accept' => 'text/html,application/xhtml+xml,application/xml;q=0.9,image/webp,image/apng,*/*;q=0.8',
  'referer' => 'http://47.102.118.52/demand/public/index.php/admin/allot/demand_develop_list.html',
  'accept-encoding' => 'gzip, deflate',
  'accept-language' => 'zh-CN,zh;q=0.9',
  'cookie' => 'PHPSESSID=1mdt842rgeumh4388428o11u15',
  'content-type' => '',
  'content-length' => '',
)
[ info ] [ PARAM ] array (
)
[ info ] [ BEHAVIOR ] Run app\common\behavior\ModuleInit @module_init [ RunTime:0.000161s ]
[ info ] [ SESSION ] INIT array (
  'id' => '',
  'var_session_id' => '',
  'prefix' => 'think',
  'type' => '',
  'auto_start' => true,
  'httponly' => true,
  'secure' => false,
)
[ info ] [ DB ] INIT mysql
[ info ] [ RUN ] app\admin\controller\Allot->demand_propose_list[ /phpstudy/www/demand/project/app/admin/controller/Allot.php ]
[ info ] [ VIEW ] /phpstudy/www/demand/public/../project/app/admin/view/allot/demand_propose_list.html [ array (
  0 => '_notice_count_',
  1 => 'project_list',
  2 => 'demand_list',
  3 => 'demand_id',
  4 => 'project_id',
  5 => 'demand_describe',
  6 => 'demand_status',
  7 => 'priority_level',
) ]
[ info ] [ RUN ] app\common\widget\Select->select[ /phpstudy/www/demand/project/app/common/widget/Select.php ]
[ info ] [ RUN ] app\common\widget\Select->select[ /phpstudy/www/demand/project/app/common/widget/Select.php ]
[ info ] [ RUN ] app\common\widget\Select->select[ /phpstudy/www/demand/project/app/common/widget/Select.php ]
[ info ] [ RUN ] app\common\widget\Color->color[ /phpstudy/www/demand/project/app/common/widget/Color.php ]
[ info ] [ RUN ] app\common\widget\Color->color[ /phpstudy/www/demand/project/app/common/widget/Color.php ]
[ info ] [ RUN ] app\common\widget\Color->color[ /phpstudy/www/demand/project/app/common/widget/Color.php ]
[ info ] [ RUN ] app\common\widget\Color->color[ /phpstudy/www/demand/project/app/common/widget/Color.php ]
[ info ] [ RUN ] app\common\widget\Color->color[ /phpstudy/www/demand/project/app/common/widget/Color.php ]
[ info ] [ RUN ] app\common\widget\Color->color[ /phpstudy/www/demand/project/app/common/widget/Color.php ]
[ info ] [ RUN ] app\common\widget\Color->color[ /phpstudy/www/demand/project/app/common/widget/Color.php ]
[ info ] [ RUN ] app\common\widget\Color->color[ /phpstudy/www/demand/project/app/common/widget/Color.php ]
[ info ] [ RUN ] app\common\widget\Color->color[ /phpstudy/www/demand/project/app/common/widget/Color.php ]
[ info ] [ RUN ] app\common\widget\Color->color[ /phpstudy/www/demand/project/app/common/widget/Color.php ]
[ info ] [ RUN ] app\common\widget\Color->color[ /phpstudy/www/demand/project/app/common/widget/Color.php ]
[ info ] [ RUN ] app\common\widget\Color->color[ /phpstudy/www/demand/project/app/common/widget/Color.php ]
[ info ] [ RUN ] app\common\widget\Color->color[ /phpstudy/www/demand/project/app/common/widget/Color.php ]
[ info ] [ RUN ] app\common\widget\Color->color[ /phpstudy/www/demand/project/app/common/widget/Color.php ]
[ info ] [ RUN ] app\common\widget\Color->color[ /phpstudy/www/demand/project/app/common/widget/Color.php ]
[ info ] [ RUN ] app\common\widget\Color->color[ /phpstudy/www/demand/project/app/common/widget/Color.php ]
[ info ] [ RUN ] app\common\widget\Color->color[ /phpstudy/www/demand/project/app/common/widget/Color.php ]
[ info ] [ RUN ] app\common\widget\Color->color[ /phpstudy/www/demand/project/app/common/widget/Color.php ]
[ info ] [ RUN ] app\common\widget\Color->color[ /phpstudy/www/demand/project/app/common/widget/Color.php ]
[ info ] [ RUN ] app\common\widget\Color->color[ /phpstudy/www/demand/project/app/common/widget/Color.php ]
[ info ] [ RUN ] app\common\widget\Color->color[ /phpstudy/www/demand/project/app/common/widget/Color.php ]
[ info ] [ RUN ] app\common\widget\Color->color[ /phpstudy/www/demand/project/app/common/widget/Color.php ]
[ info ] [ RUN ] app\common\widget\Color->color[ /phpstudy/www/demand/project/app/common/widget/Color.php ]
[ info ] [ RUN ] app\common\widget\Color->color[ /phpstudy/www/demand/project/app/common/widget/Color.php ]
[ info ] [ RUN ] app\common\widget\Color->color[ /phpstudy/www/demand/project/app/common/widget/Color.php ]
[ info ] [ RUN ] app\common\widget\Color->color[ /phpstudy/www/demand/project/app/common/widget/Color.php ]
[ info ] [ RUN ] app\common\widget\Color->color[ /phpstudy/www/demand/project/app/common/widget/Color.php ]
[ info ] [ RUN ] app\common\widget\Color->color[ /phpstudy/www/demand/project/app/common/widget/Color.php ]
[ info ] [ RUN ] app\common\widget\Color->color[ /phpstudy/www/demand/project/app/common/widget/Color.php ]
[ info ] [ RUN ] app\common\widget\Color->color[ /phpstudy/www/demand/project/app/common/widget/Color.php ]
[ info ] [ RUN ] app\common\widget\Color->color[ /phpstudy/www/demand/project/app/common/widget/Color.php ]
[ info ] [ RUN ] app\common\widget\Color->color[ /phpstudy/www/demand/project/app/common/widget/Color.php ]
[ info ] [ RUN ] app\common\widget\Color->color[ /phpstudy/www/demand/project/app/common/widget/Color.php ]
[ info ] [ RUN ] app\common\widget\Color->color[ /phpstudy/www/demand/project/app/common/widget/Color.php ]
[ info ] [ RUN ] app\common\widget\Color->color[ /phpstudy/www/demand/project/app/common/widget/Color.php ]
[ info ] [ RUN ] app\common\widget\Color->color[ /phpstudy/www/demand/project/app/common/widget/Color.php ]
[ info ] [ RUN ] app\common\widget\Color->color[ /phpstudy/www/demand/project/app/common/widget/Color.php ]
[ info ] [ RUN ] app\common\widget\Color->color[ /phpstudy/www/demand/project/app/common/widget/Color.php ]
[ info ] [ RUN ] app\common\widget\Color->color[ /phpstudy/www/demand/project/app/common/widget/Color.php ]
[ info ] [ RUN ] app\common\widget\Color->color[ /phpstudy/www/demand/project/app/common/widget/Color.php ]
[ info ] [ LOG ] INIT File
[ sql ] [ DB ] CONNECT:[ UseTime:0.000907s ] mysql:dbname=demand;host=47.102.118.52;port=3306;charset=utf8
[ sql ] [ SQL ] SHOW COLUMNS FROM `dm_notice` [ RunTime:0.001112s ]
[ sql ] [ SQL ] SELECT COUNT(*) AS tp_count FROM `dm_notice` WHERE  `user_id` = 34  AND `notice_read` = 1 LIMIT 1 [ RunTime:0.000724s ]
[ sql ] [ SQL ] SHOW COLUMNS FROM `dm_admin_menu` [ RunTime:0.000898s ]
[ sql ] [ SQL ] SELECT `am`.`menu_id`,`am`.`name`,`am`.`parent_id`,`am`.`default_node`,`am`.`level`,`am`.`order_by`,group_concat(amn.node_id) as node_id FROM dm_admin_menu as am LEFT JOIN `dm_admin_menu_node` `amn` ON `am`.`menu_id`=`amn`.`menu_id` WHERE  (  am.is_delete='1'  ) GROUP BY am.menu_id ORDER BY `am`.`order_by` [ RunTime:0.001119s ]
[ sql ] [ SQL ] SELECT `am`.`menu_id`,`am`.`name`,`am`.`parent_id`,`am`.`default_node`,`am`.`level`,`am`.`order_by`,group_concat(amn.node_id) as node_id FROM dm_admin_menu as am LEFT JOIN `dm_admin_menu_node` `amn` ON `am`.`menu_id`=`amn`.`menu_id` WHERE  (  am.is_delete='1'  ) GROUP BY am.menu_id ORDER BY `am`.`order_by` [ RunTime:0.001070s ]
[ sql ] [ SQL ] SHOW COLUMNS FROM `dm_admin_node` [ RunTime:0.000887s ]
[ sql ] [ SQL ] SELECT * FROM `dm_admin_node` WHERE  (  is_delete=1 ) [ RunTime:0.000656s ]
[ sql ] [ SQL ] SELECT * FROM `dm_admin_node` WHERE  (  is_delete=1 ) [ RunTime:0.000683s ]
[ sql ] [ SQL ] SHOW COLUMNS FROM `dm_project` [ RunTime:0.000956s ]
[ sql ] [ SQL ] SELECT `project_id`,`project_name` FROM `dm_project` WHERE  `propose_status` = 1 [ RunTime:0.000580s ]
[ sql ] [ SQL ] SHOW COLUMNS FROM `dm_demand` [ RunTime:0.001117s ]
[ sql ] [ SQL ] SELECT COUNT(*) AS tp_count FROM dm_demand as dd INNER JOIN `dm_project` `pt` ON `dd`.`project_id`=`pt`.`project_id` WHERE  `pt`.`propose_status` = '1'  AND `dd`.`user_id` = 34 LIMIT 1 [ RunTime:0.000623s ]
[ sql ] [ SQL ] SELECT `dd`.*,`pt`.`project_name` FROM dm_demand as dd INNER JOIN `dm_project` `pt` ON `dd`.`project_id`=`pt`.`project_id` WHERE  `pt`.`propose_status` = '1'  AND `dd`.`user_id` = 34 ORDER BY dd.demand_id desc LIMIT 0,20 [ RunTime:0.000807s ]
[ sql ] [ SQL ] SHOW COLUMNS FROM `dm_admin_role` [ RunTime:0.000899s ]
[ sql ] [ SQL ] SELECT * FROM `dm_admin_role` WHERE  `admin_role_id` = 1 LIMIT 1 [ RunTime:0.000549s ]
