---------------------------------------------------------------
[ 2019-04-17T12:56:08+08:00 ] 172.19.22.204 139.224.116.230 GET /demand/public/index.php
[ info ] 47.102.118.52/demand/public/index.php [运行时间：0.018740s][吞吐率：53.36req/s] [内存消耗：2,400.15kb] [文件加载：52]
[ info ] [ LANG ] /phpstudy/www/demand/think/lang/zh-cn.php
[ info ] [ ROUTE ] array (
  'type' => 'module',
  'module' => 
  array (
    0 => '',
    1 => NULL,
    2 => NULL,
  ),
)
[ info ] [ HEADER ] array (
  'user-agent' => 'Mozilla/5.0 (compatible; Baiduspider/2.0)',
  'host' => '47.102.118.52',
  'accept' => 'text/html, image/gif, image/jpeg, *; q=.2, */*; q=.2',
  'connection' => 'keep-alive',
  'content-type' => '',
  'content-length' => '',
)
[ info ] [ PARAM ] array (
)
[ info ] [ BEHAVIOR ] Run app\common\behavior\ModuleInit @module_init [ RunTime:0.000148s ]
[ info ] [ SESSION ] INIT array (
  'id' => '',
  'var_session_id' => '',
  'prefix' => 'think',
  'type' => '',
  'auto_start' => true,
  'httponly' => true,
  'secure' => false,
)
[ info ] [ LOG ] INIT File
---------------------------------------------------------------
[ 2019-04-17T12:56:08+08:00 ] 172.19.22.204 139.224.116.230 GET /demand/public/index.php/admin/login/login.html
[ info ] 47.102.118.52/demand/public/index.php/admin/login/login.html [运行时间：0.038590s][吞吐率：25.91req/s] [内存消耗：3,746.81kb] [文件加载：64]
[ info ] [ LANG ] /phpstudy/www/demand/think/lang/zh-cn.php
[ info ] [ ROUTE ] array (
  'type' => 'module',
  'module' => 
  array (
    0 => 'admin',
    1 => 'login',
    2 => 'login',
  ),
)
[ info ] [ HEADER ] array (
  'user-agent' => 'Mozilla/5.0 (compatible; Baiduspider/2.0)',
  'host' => '47.102.118.52',
  'accept' => 'text/html, image/gif, image/jpeg, *; q=.2, */*; q=.2',
  'connection' => 'keep-alive',
  'content-type' => '',
  'content-length' => '',
)
[ info ] [ PARAM ] array (
)
[ info ] [ BEHAVIOR ] Run app\common\behavior\ModuleInit @module_init [ RunTime:0.000144s ]
[ info ] [ SESSION ] INIT array (
  'id' => '',
  'var_session_id' => '',
  'prefix' => 'think',
  'type' => '',
  'auto_start' => true,
  'httponly' => true,
  'secure' => false,
)
[ info ] [ DB ] INIT mysql
[ info ] [ RUN ] app\admin\controller\Login->login[ /phpstudy/www/demand/project/app/admin/controller/Login.php ]
[ info ] [ VIEW ] /phpstudy/www/demand/public/../project/app/admin/view/login/login.html [ array (
  0 => '_notice_count_',
  1 => 'mini_code',
) ]
[ info ] [ RUN ] app\common\widget\Images->img[ /phpstudy/www/demand/project/app/common/widget/Images.php ]
[ info ] [ LOG ] INIT File
[ sql ] [ DB ] CONNECT:[ UseTime:0.000897s ] mysql:dbname=demand;host=47.102.118.52;port=3306;charset=utf8
[ sql ] [ SQL ] SHOW COLUMNS FROM `dm_notice` [ RunTime:0.001556s ]
[ sql ] [ SQL ] SELECT COUNT(*) AS tp_count FROM `dm_notice` WHERE  `user_id` = null  AND `notice_read` = 1 LIMIT 1 [ RunTime:0.000573s ]
[ sql ] [ SQL ] SHOW COLUMNS FROM `dm_admin_menu` [ RunTime:0.001044s ]
[ sql ] [ SQL ] SELECT `am`.`menu_id`,`am`.`name`,`am`.`parent_id`,`am`.`default_node`,`am`.`level`,`am`.`order_by`,group_concat(amn.node_id) as node_id FROM dm_admin_menu as am LEFT JOIN `dm_admin_menu_node` `amn` ON `am`.`menu_id`=`amn`.`menu_id` WHERE  (  am.is_delete='1'  ) GROUP BY am.menu_id ORDER BY `am`.`order_by` [ RunTime:0.001229s ]
[ sql ] [ SQL ] SELECT `am`.`menu_id`,`am`.`name`,`am`.`parent_id`,`am`.`default_node`,`am`.`level`,`am`.`order_by`,group_concat(amn.node_id) as node_id FROM dm_admin_menu as am LEFT JOIN `dm_admin_menu_node` `amn` ON `am`.`menu_id`=`amn`.`menu_id` WHERE  (  am.is_delete='1'  ) GROUP BY am.menu_id ORDER BY `am`.`order_by` [ RunTime:0.001018s ]
[ sql ] [ SQL ] SHOW COLUMNS FROM `dm_admin_node` [ RunTime:0.001028s ]
[ sql ] [ SQL ] SELECT * FROM `dm_admin_node` WHERE  (  is_delete=1 ) [ RunTime:0.000669s ]
[ sql ] [ SQL ] SELECT * FROM `dm_admin_node` WHERE  (  is_delete=1 ) [ RunTime:0.000629s ]
---------------------------------------------------------------
[ 2019-04-17T15:12:52+08:00 ] 172.19.22.204 47.92.95.89 GET /demand/public/index.php/admin/login/login.html
[ info ] 47.102.118.52/demand/public/index.php/admin/login/login.html [运行时间：0.039876s][吞吐率：25.08req/s] [内存消耗：3,746.95kb] [文件加载：64]
[ info ] [ LANG ] /phpstudy/www/demand/think/lang/zh-cn.php
[ info ] [ ROUTE ] array (
  'type' => 'module',
  'module' => 
  array (
    0 => 'admin',
    1 => 'login',
    2 => 'login',
  ),
)
[ info ] [ HEADER ] array (
  'user-agent' => 'Mozilla/5.0 (X11; Ubuntu; Linux x86_64; rv:36.0) Gecko/20100101 Firefox/36.0',
  'host' => '47.102.118.52',
  'accept' => 'text/html, image/gif, image/jpeg, *; q=.2, */*; q=.2',
  'connection' => 'keep-alive',
  'content-type' => '',
  'content-length' => '',
)
[ info ] [ PARAM ] array (
)
[ info ] [ BEHAVIOR ] Run app\common\behavior\ModuleInit @module_init [ RunTime:0.000149s ]
[ info ] [ SESSION ] INIT array (
  'id' => '',
  'var_session_id' => '',
  'prefix' => 'think',
  'type' => '',
  'auto_start' => true,
  'httponly' => true,
  'secure' => false,
)
[ info ] [ DB ] INIT mysql
[ info ] [ RUN ] app\admin\controller\Login->login[ /phpstudy/www/demand/project/app/admin/controller/Login.php ]
[ info ] [ VIEW ] /phpstudy/www/demand/public/../project/app/admin/view/login/login.html [ array (
  0 => '_notice_count_',
  1 => 'mini_code',
) ]
[ info ] [ RUN ] app\common\widget\Images->img[ /phpstudy/www/demand/project/app/common/widget/Images.php ]
[ info ] [ LOG ] INIT File
[ sql ] [ DB ] CONNECT:[ UseTime:0.000880s ] mysql:dbname=demand;host=47.102.118.52;port=3306;charset=utf8
[ sql ] [ SQL ] SHOW COLUMNS FROM `dm_notice` [ RunTime:0.001464s ]
[ sql ] [ SQL ] SELECT COUNT(*) AS tp_count FROM `dm_notice` WHERE  `user_id` = null  AND `notice_read` = 1 LIMIT 1 [ RunTime:0.000567s ]
[ sql ] [ SQL ] SHOW COLUMNS FROM `dm_admin_menu` [ RunTime:0.000885s ]
[ sql ] [ SQL ] SELECT `am`.`menu_id`,`am`.`name`,`am`.`parent_id`,`am`.`default_node`,`am`.`level`,`am`.`order_by`,group_concat(amn.node_id) as node_id FROM dm_admin_menu as am LEFT JOIN `dm_admin_menu_node` `amn` ON `am`.`menu_id`=`amn`.`menu_id` WHERE  (  am.is_delete='1'  ) GROUP BY am.menu_id ORDER BY `am`.`order_by` [ RunTime:0.001126s ]
[ sql ] [ SQL ] SELECT `am`.`menu_id`,`am`.`name`,`am`.`parent_id`,`am`.`default_node`,`am`.`level`,`am`.`order_by`,group_concat(amn.node_id) as node_id FROM dm_admin_menu as am LEFT JOIN `dm_admin_menu_node` `amn` ON `am`.`menu_id`=`amn`.`menu_id` WHERE  (  am.is_delete='1'  ) GROUP BY am.menu_id ORDER BY `am`.`order_by` [ RunTime:0.000995s ]
[ sql ] [ SQL ] SHOW COLUMNS FROM `dm_admin_node` [ RunTime:0.000950s ]
[ sql ] [ SQL ] SELECT * FROM `dm_admin_node` WHERE  (  is_delete=1 ) [ RunTime:0.000705s ]
[ sql ] [ SQL ] SELECT * FROM `dm_admin_node` WHERE  (  is_delete=1 ) [ RunTime:0.000644s ]
---------------------------------------------------------------
[ 2019-04-17T15:18:07+08:00 ] 172.19.22.204 101.132.102.45 GET /demand/public/
[ info ] 47.102.118.52/demand/public/ [运行时间：0.018640s][吞吐率：53.65req/s] [内存消耗：2,400.13kb] [文件加载：52]
[ info ] [ LANG ] /phpstudy/www/demand/think/lang/zh-cn.php
[ info ] [ ROUTE ] array (
  'type' => 'module',
  'module' => 
  array (
    0 => '',
    1 => NULL,
    2 => NULL,
  ),
)
[ info ] [ HEADER ] array (
  'user-agent' => 'Mozilla/5.0 (X11; Ubuntu; Linux x86_64; rv:36.0) Gecko/20100101 Firefox/36.0',
  'host' => '47.102.118.52',
  'accept' => 'text/html, image/gif, image/jpeg, *; q=.2, */*; q=.2',
  'connection' => 'keep-alive',
  'content-type' => '',
  'content-length' => '',
)
[ info ] [ PARAM ] array (
)
[ info ] [ BEHAVIOR ] Run app\common\behavior\ModuleInit @module_init [ RunTime:0.000149s ]
[ info ] [ SESSION ] INIT array (
  'id' => '',
  'var_session_id' => '',
  'prefix' => 'think',
  'type' => '',
  'auto_start' => true,
  'httponly' => true,
  'secure' => false,
)
[ info ] [ LOG ] INIT File
